2025-08-19 01:04:34.110 [info] Reading sessions from keychain...
2025-08-19 01:04:34.110 [info] Getting sessions for all scopes...
2025-08-19 01:04:34.110 [info] Got 0 sessions for ...
2025-08-19 01:04:34.110 [info] Getting sessions for all scopes...
2025-08-19 01:04:34.110 [info] Got 0 sessions for ...
2025-08-19 01:04:34.110 [info] Getting sessions for all scopes...
2025-08-19 01:04:34.110 [info] Got 0 sessions for ...
2025-08-19 01:04:34.110 [info] Getting sessions for all scopes...
2025-08-19 01:04:34.110 [info] Got 0 sessions for ...
2025-08-19 01:04:34.110 [info] Getting sessions for all scopes...
2025-08-19 01:04:34.110 [info] Got 0 sessions for ...
2025-08-19 01:04:34.122 [info] Getting sessions for all scopes...
2025-08-19 01:04:34.122 [info] Got 0 sessions for ...
2025-08-19 01:04:34.122 [info] Getting sessions for all scopes...
2025-08-19 01:04:34.122 [info] Got 0 sessions for ...
2025-08-19 01:04:34.122 [info] Getting sessions for all scopes...
2025-08-19 01:04:34.122 [info] Got 0 sessions for ...
2025-08-19 01:04:34.122 [info] Getting sessions for all scopes...
2025-08-19 01:04:34.122 [info] Got 0 sessions for ...
2025-08-19 01:04:34.123 [info] Getting sessions for all scopes...
2025-08-19 01:04:34.123 [info] Got 0 sessions for ...
2025-08-19 01:04:34.124 [info] Getting sessions for all scopes...
2025-08-19 01:04:34.124 [info] Got 0 sessions for ...
2025-08-19 01:04:34.148 [info] Getting sessions for all scopes...
2025-08-19 01:04:34.148 [info] Got 0 sessions for ...
2025-08-19 01:04:34.148 [info] Getting sessions for all scopes...
2025-08-19 01:04:34.148 [info] Got 0 sessions for ...
2025-08-19 01:04:34.148 [info] Getting sessions for all scopes...
2025-08-19 01:04:34.148 [info] Got 0 sessions for ...
2025-08-19 01:04:34.148 [info] Getting sessions for all scopes...
2025-08-19 01:04:34.148 [info] Got 0 sessions for ...
2025-08-19 01:04:34.148 [info] Getting sessions for all scopes...
2025-08-19 01:04:34.148 [info] Got 0 sessions for ...
2025-08-19 01:04:35.977 [info] Getting sessions for read:user,repo,user:email,workflow...
2025-08-19 01:04:35.977 [info] Got 0 sessions for read:user,repo,user:email,workflow...
2025-08-19 01:04:36.330 [info] Getting sessions for all scopes...
2025-08-19 01:04:36.330 [info] Got 0 sessions for ...
2025-08-19 01:04:36.330 [info] Getting sessions for all scopes...
2025-08-19 01:04:36.330 [info] Got 0 sessions for ...
2025-08-19 01:04:36.333 [info] Getting sessions for all scopes...
2025-08-19 01:04:36.333 [info] Got 0 sessions for ...
2025-08-19 01:04:54.657 [info] Getting sessions for read:user,repo,user:email,workflow...
2025-08-19 01:04:54.658 [info] Got 0 sessions for read:user,repo,user:email,workflow...
