2025-08-19 01:04:35.916 [info] [main] Log level: Info
2025-08-19 01:04:35.916 [info] [main] Validating found git in: "git"
2025-08-19 01:04:35.916 [info] [main] Using git "2.50.1" from "git"
2025-08-19 01:04:35.916 [info] [Model][doInitialScan] Initial repository scan started
2025-08-19 01:04:35.916 [info] > git rev-parse --show-toplevel [1ms]
2025-08-19 01:04:35.919 [info] > git rev-parse --git-dir --git-common-dir [1ms]
2025-08-19 01:04:35.923 [info] [Model][openRepository] Opened repository (path): /etc/nixos
2025-08-19 01:04:35.923 [info] [Model][openRepository] Opened repository (real path): /etc/nixos
2025-08-19 01:04:35.929 [info] > git rev-parse --show-toplevel [1ms]
2025-08-19 01:04:35.929 [info] > git config --get commit.template [3ms]
2025-08-19 01:04:35.948 [info] > git rev-parse --show-toplevel [8ms]
2025-08-19 01:04:35.951 [info] > git for-each-ref --format=%(refname)%00%(upstream:short)%00%(objectname)%00%(upstream:track)%00%(upstream:remotename)%00%(upstream:remoteref) refs/heads/main refs/remotes/main [4ms]
2025-08-19 01:04:35.956 [info] > git status -z -uall [3ms]
2025-08-19 01:04:35.956 [info] > git rev-parse --show-toplevel [6ms]
2025-08-19 01:04:35.956 [info] > git for-each-ref --sort -committerdate --format %(refname)%00%(objectname)%00%(*objectname) [1ms]
2025-08-19 01:04:35.969 [info] > git for-each-ref --format=%(refname)%00%(upstream:short)%00%(objectname)%00%(upstream:track)%00%(upstream:remotename)%00%(upstream:remoteref) refs/heads/main refs/remotes/main [5ms]
2025-08-19 01:04:35.973 [info] > git config --get --local branch.main.vscode-merge-base [2ms]
2025-08-19 01:04:35.973 [warning] [Git][config] git config failed: Failed to execute git
2025-08-19 01:04:35.975 [info] > git config --get commit.template [6ms]
2025-08-19 01:04:35.975 [info] > git rev-parse --show-toplevel [8ms]
2025-08-19 01:04:35.979 [info] > git rev-parse --show-toplevel [2ms]
2025-08-19 01:04:35.982 [info] > git for-each-ref --format=%(refname)%00%(upstream:short)%00%(objectname)%00%(upstream:track)%00%(upstream:remotename)%00%(upstream:remoteref) refs/heads/main refs/remotes/main [3ms]
2025-08-19 01:04:35.986 [info] > git status -z -uall [2ms]
2025-08-19 01:04:35.986 [info] > git rev-parse --show-toplevel [5ms]
2025-08-19 01:04:35.987 [info] [Model][doInitialScan] Initial repository scan completed - repositories (1), closed repositories (0), parent repositories (0), unsafe repositories (0)
2025-08-19 01:04:35.988 [info] > git reflog main --grep-reflog=branch: Created from *. [13ms]
2025-08-19 01:04:35.990 [info] > git for-each-ref --sort -committerdate --format %(refname)%00%(objectname)%00%(*objectname) [4ms]
2025-08-19 01:04:35.991 [info] > git symbolic-ref --short refs/remotes/origin/HEAD [1ms]
2025-08-19 01:04:35.991 [info] fatal: ref refs/remotes/origin/HEAD is not a symbolic ref
2025-08-19 01:04:35.991 [warning] [Repository][getDefaultBranch] Failed to get default branch details: Failed to execute git.
2025-08-19 01:04:35.996 [info] > git merge-base refs/heads/main refs/remotes/origin/main [2ms]
2025-08-19 01:04:35.998 [info] > git merge-base refs/heads/main refs/remotes/origin/main [3ms]
2025-08-19 01:04:36.000 [info] > git diff --name-status -z --diff-filter=ADMR ce3e1506b0b41bc2ce49c1fab9cb42987c336a96...refs/remotes/origin/main [2ms]
2025-08-19 01:04:36.001 [info] > git diff --name-status -z --diff-filter=ADMR ce3e1506b0b41bc2ce49c1fab9cb42987c336a96...refs/remotes/origin/main [1ms]
2025-08-19 01:04:36.440 [info] > git check-ignore -v -z --stdin [2ms]
2025-08-19 01:04:38.259 [info] > git config --get commit.template [6ms]
2025-08-19 01:04:38.261 [info] > git for-each-ref --format=%(refname)%00%(upstream:short)%00%(objectname)%00%(upstream:track)%00%(upstream:remotename)%00%(upstream:remoteref) refs/heads/main refs/remotes/main [2ms]
2025-08-19 01:04:38.273 [info] > git status -z -uall [6ms]
2025-08-19 01:04:38.274 [info] > git for-each-ref --sort -committerdate --format %(refname)%00%(objectname)%00%(*objectname) [1ms]
2025-08-19 01:04:43.299 [info] > git config --get commit.template [11ms]
2025-08-19 01:04:43.301 [info] > git for-each-ref --format=%(refname)%00%(upstream:short)%00%(objectname)%00%(upstream:track)%00%(upstream:remotename)%00%(upstream:remoteref) refs/heads/main refs/remotes/main [2ms]
2025-08-19 01:04:43.315 [info] > git status -z -uall [9ms]
2025-08-19 01:04:43.316 [info] > git for-each-ref --sort -committerdate --format %(refname)%00%(objectname)%00%(*objectname) [2ms]
2025-08-19 01:04:44.894 [info] > git check-ignore -v -z --stdin [1ms]
2025-08-19 01:04:52.412 [info] > git config --get commit.template [4ms]
2025-08-19 01:04:52.413 [info] > git for-each-ref --format=%(refname)%00%(upstream:short)%00%(objectname)%00%(upstream:track)%00%(upstream:remotename)%00%(upstream:remoteref) refs/heads/main refs/remotes/main [1ms]
2025-08-19 01:04:52.422 [info] > git status -z -uall [7ms]
2025-08-19 01:04:52.423 [info] > git for-each-ref --sort -committerdate --format %(refname)%00%(objectname)%00%(*objectname) [2ms]
2025-08-19 01:04:54.627 [info] > git log --format=%H%n%aN%n%aE%n%at%n%ct%n%P%n%D%n%B -z --shortstat --diff-merges=first-parent -n50 --skip=0 --topo-order --decorate=full --stdin [32ms]
2025-08-19 01:04:55.169 [info] > git check-ignore -v -z --stdin [4ms]
2025-08-19 01:04:57.441 [info] > git config --get commit.template [2ms]
2025-08-19 01:04:57.448 [info] > git for-each-ref --format=%(refname)%00%(upstream:short)%00%(objectname)%00%(upstream:track)%00%(upstream:remotename)%00%(upstream:remoteref) refs/heads/main refs/remotes/main [3ms]
2025-08-19 01:04:57.463 [info] > git status -z -uall [6ms]
2025-08-19 01:04:57.465 [info] > git for-each-ref --sort -committerdate --format %(refname)%00%(objectname)%00%(*objectname) [2ms]
2025-08-19 01:05:04.211 [info] > git config --get commit.template [4ms]
2025-08-19 01:05:04.214 [info] > git for-each-ref --format=%(refname)%00%(upstream:short)%00%(objectname)%00%(upstream:track)%00%(upstream:remotename)%00%(upstream:remoteref) refs/heads/main refs/remotes/main [4ms]
2025-08-19 01:05:04.228 [info] > git status -z -uall [7ms]
2025-08-19 01:05:04.231 [info] > git for-each-ref --sort -committerdate --format %(refname)%00%(objectname)%00%(*objectname) [3ms]
2025-08-19 01:05:19.876 [info] > git config --get commit.template [5ms]
2025-08-19 01:05:19.877 [info] > git for-each-ref --format=%(refname)%00%(upstream:short)%00%(objectname)%00%(upstream:track)%00%(upstream:remotename)%00%(upstream:remoteref) refs/heads/main refs/remotes/main [2ms]
2025-08-19 01:05:19.887 [info] > git status -z -uall [4ms]
2025-08-19 01:05:19.889 [info] > git for-each-ref --sort -committerdate --format %(refname)%00%(objectname)%00%(*objectname) [2ms]
2025-08-19 01:05:20.454 [info] > git check-ignore -v -z --stdin [2ms]
2025-08-19 01:05:21.514 [info] > git show --textconv :modules/hardware.nix [7ms]
2025-08-19 01:05:21.515 [info] > git ls-files --stage -- modules/hardware.nix [2ms]
2025-08-19 01:05:21.525 [info] > git cat-file -s 7dea6aef1ce1b539782613674b251afbcc3af3e9 [2ms]
2025-08-19 01:05:24.913 [info] > git config --get commit.template [12ms]
2025-08-19 01:05:24.914 [info] > git for-each-ref --format=%(refname)%00%(upstream:short)%00%(objectname)%00%(upstream:track)%00%(upstream:remotename)%00%(upstream:remoteref) refs/heads/main refs/remotes/main [2ms]
2025-08-19 01:05:24.922 [info] > git status -z -uall [3ms]
2025-08-19 01:05:24.922 [info] > git for-each-ref --sort -committerdate --format %(refname)%00%(objectname)%00%(*objectname) [1ms]
2025-08-19 01:05:25.789 [info] > git blame --root --incremental ce3e1506b0b41bc2ce49c1fab9cb42987c336a96 -- modules/hardware.nix [1ms]
2025-08-19 01:05:29.947 [info] > git config --get commit.template [8ms]
2025-08-19 01:05:29.948 [info] > git for-each-ref --format=%(refname)%00%(upstream:short)%00%(objectname)%00%(upstream:track)%00%(upstream:remotename)%00%(upstream:remoteref) refs/heads/main refs/remotes/main [3ms]
2025-08-19 01:05:29.965 [info] > git status -z -uall [8ms]
2025-08-19 01:05:29.967 [info] > git for-each-ref --sort -committerdate --format %(refname)%00%(objectname)%00%(*objectname) [2ms]
2025-08-19 01:07:33.965 [info] > git config --get commit.template [1ms]
2025-08-19 01:07:33.968 [info] > git for-each-ref --format=%(refname)%00%(upstream:short)%00%(objectname)%00%(upstream:track)%00%(upstream:remotename)%00%(upstream:remoteref) refs/heads/main refs/remotes/main [1ms]
2025-08-19 01:07:33.974 [info] > git status -z -uall [3ms]
2025-08-19 01:07:33.975 [info] > git for-each-ref --sort -committerdate --format %(refname)%00%(objectname)%00%(*objectname) [1ms]
2025-08-19 01:07:38.995 [info] > git config --get commit.template [7ms]
2025-08-19 01:07:38.997 [info] > git for-each-ref --format=%(refname)%00%(upstream:short)%00%(objectname)%00%(upstream:track)%00%(upstream:remotename)%00%(upstream:remoteref) refs/heads/main refs/remotes/main [3ms]
2025-08-19 01:07:39.014 [info] > git status -z -uall [7ms]
2025-08-19 01:07:39.017 [info] > git for-each-ref --sort -committerdate --format %(refname)%00%(objectname)%00%(*objectname) [4ms]
2025-08-19 01:07:44.045 [info] > git config --get commit.template [12ms]
2025-08-19 01:07:44.048 [info] > git for-each-ref --format=%(refname)%00%(upstream:short)%00%(objectname)%00%(upstream:track)%00%(upstream:remotename)%00%(upstream:remoteref) refs/heads/main refs/remotes/main [4ms]
2025-08-19 01:07:44.071 [info] > git status -z -uall [13ms]
2025-08-19 01:07:44.075 [info] > git for-each-ref --sort -committerdate --format %(refname)%00%(objectname)%00%(*objectname) [5ms]
2025-08-19 01:07:49.103 [info] > git config --get commit.template [12ms]
2025-08-19 01:07:49.105 [info] > git for-each-ref --format=%(refname)%00%(upstream:short)%00%(objectname)%00%(upstream:track)%00%(upstream:remotename)%00%(upstream:remoteref) refs/heads/main refs/remotes/main [2ms]
2025-08-19 01:07:49.121 [info] > git status -z -uall [10ms]
2025-08-19 01:07:49.124 [info] > git for-each-ref --sort -committerdate --format %(refname)%00%(objectname)%00%(*objectname) [4ms]
2025-08-19 01:07:54.147 [info] > git config --get commit.template [7ms]
2025-08-19 01:07:54.149 [info] > git for-each-ref --format=%(refname)%00%(upstream:short)%00%(objectname)%00%(upstream:track)%00%(upstream:remotename)%00%(upstream:remoteref) refs/heads/main refs/remotes/main [3ms]
2025-08-19 01:07:54.166 [info] > git status -z -uall [7ms]
2025-08-19 01:07:54.168 [info] > git for-each-ref --sort -committerdate --format %(refname)%00%(objectname)%00%(*objectname) [3ms]
2025-08-19 01:08:18.798 [info] > git config --get commit.template [3ms]
2025-08-19 01:08:18.799 [info] > git for-each-ref --format=%(refname)%00%(upstream:short)%00%(objectname)%00%(upstream:track)%00%(upstream:remotename)%00%(upstream:remoteref) refs/heads/main refs/remotes/main [1ms]
2025-08-19 01:08:18.804 [info] > git status -z -uall [3ms]
2025-08-19 01:08:18.804 [info] > git for-each-ref --sort -committerdate --format %(refname)%00%(objectname)%00%(*objectname) [1ms]
2025-08-19 01:08:30.142 [info] > git config --get commit.template [10ms]
2025-08-19 01:08:30.144 [info] > git for-each-ref --format=%(refname)%00%(upstream:short)%00%(objectname)%00%(upstream:track)%00%(upstream:remotename)%00%(upstream:remoteref) refs/heads/main refs/remotes/main [2ms]
2025-08-19 01:08:30.160 [info] > git status -z -uall [5ms]
2025-08-19 01:08:30.161 [info] > git for-each-ref --sort -committerdate --format %(refname)%00%(objectname)%00%(*objectname) [3ms]
2025-08-19 01:08:46.362 [info] > git config --get commit.template [7ms]
2025-08-19 01:08:46.363 [info] > git for-each-ref --format=%(refname)%00%(upstream:short)%00%(objectname)%00%(upstream:track)%00%(upstream:remotename)%00%(upstream:remoteref) refs/heads/main refs/remotes/main [1ms]
2025-08-19 01:08:46.370 [info] > git status -z -uall [4ms]
2025-08-19 01:08:46.372 [info] > git for-each-ref --sort -committerdate --format %(refname)%00%(objectname)%00%(*objectname) [1ms]
2025-08-19 01:08:51.390 [info] > git config --get commit.template [4ms]
2025-08-19 01:08:51.391 [info] > git for-each-ref --format=%(refname)%00%(upstream:short)%00%(objectname)%00%(upstream:track)%00%(upstream:remotename)%00%(upstream:remoteref) refs/heads/main refs/remotes/main [1ms]
2025-08-19 01:08:51.401 [info] > git status -z -uall [4ms]
2025-08-19 01:08:51.401 [info] > git for-each-ref --sort -committerdate --format %(refname)%00%(objectname)%00%(*objectname) [0ms]
2025-08-19 01:08:56.431 [info] > git config --get commit.template [12ms]
2025-08-19 01:08:56.433 [info] > git for-each-ref --format=%(refname)%00%(upstream:short)%00%(objectname)%00%(upstream:track)%00%(upstream:remotename)%00%(upstream:remoteref) refs/heads/main refs/remotes/main [3ms]
2025-08-19 01:08:56.454 [info] > git status -z -uall [11ms]
2025-08-19 01:08:56.457 [info] > git for-each-ref --sort -committerdate --format %(refname)%00%(objectname)%00%(*objectname) [4ms]
2025-08-19 01:10:41.685 [info] > git config --get commit.template [2ms]
2025-08-19 01:10:41.697 [info] > git for-each-ref --format=%(refname)%00%(upstream:short)%00%(objectname)%00%(upstream:track)%00%(upstream:remotename)%00%(upstream:remoteref) refs/heads/main refs/remotes/main [3ms]
2025-08-19 01:10:41.714 [info] > git status -z -uall [8ms]
2025-08-19 01:10:41.716 [info] > git for-each-ref --sort -committerdate --format %(refname)%00%(objectname)%00%(*objectname) [2ms]
2025-08-19 01:10:43.769 [info] > git check-ignore -v -z --stdin [2ms]
2025-08-19 01:10:46.739 [info] > git config --get commit.template [7ms]
2025-08-19 01:10:46.742 [info] > git for-each-ref --format=%(refname)%00%(upstream:short)%00%(objectname)%00%(upstream:track)%00%(upstream:remotename)%00%(upstream:remoteref) refs/heads/main refs/remotes/main [4ms]
2025-08-19 01:10:46.760 [info] > git status -z -uall [10ms]
2025-08-19 01:10:46.762 [info] > git for-each-ref --sort -committerdate --format %(refname)%00%(objectname)%00%(*objectname) [3ms]
2025-08-19 01:10:53.767 [info] > git show --textconv :pkgs/categories.nix [11ms]
2025-08-19 01:10:53.773 [info] > git ls-files --stage -- pkgs/categories.nix [6ms]
2025-08-19 01:10:53.784 [info] > git hash-object -t tree /dev/null [11ms]
2025-08-19 01:10:53.784 [warning] [GitFileSystemProvider][readFile] File not found - git:/etc/nixos/pkgs/categories.nix.git?%7B%22path%22%3A%22%2Fetc%2Fnixos%2Fpkgs%2Fcategories.nix%22%2C%22ref%22%3A%22%22%7D
2025-08-19 01:10:53.785 [info] > git hash-object -t tree /dev/null [2ms]
2025-08-19 01:10:53.785 [warning] [GitFileSystemProvider][stat] File not found - git:/etc/nixos/pkgs/categories.nix.git?%7B%22path%22%3A%22%2Fetc%2Fnixos%2Fpkgs%2Fcategories.nix%22%2C%22ref%22%3A%22%22%7D
2025-08-19 01:10:54.045 [info] > git check-ignore -v -z --stdin [2ms]
2025-08-19 01:10:54.605 [info] > git config --get commit.template [5ms]
2025-08-19 01:10:54.606 [info] > git for-each-ref --format=%(refname)%00%(upstream:short)%00%(objectname)%00%(upstream:track)%00%(upstream:remotename)%00%(upstream:remoteref) refs/heads/main refs/remotes/main [2ms]
2025-08-19 01:10:54.621 [info] > git status -z -uall [9ms]
2025-08-19 01:10:54.622 [info] > git for-each-ref --sort -committerdate --format %(refname)%00%(objectname)%00%(*objectname) [2ms]
2025-08-19 01:10:59.651 [info] > git config --get commit.template [12ms]
2025-08-19 01:10:59.654 [info] > git for-each-ref --format=%(refname)%00%(upstream:short)%00%(objectname)%00%(upstream:track)%00%(upstream:remotename)%00%(upstream:remoteref) refs/heads/main refs/remotes/main [4ms]
2025-08-19 01:10:59.676 [info] > git status -z -uall [11ms]
2025-08-19 01:10:59.678 [info] > git for-each-ref --sort -committerdate --format %(refname)%00%(objectname)%00%(*objectname) [3ms]
2025-08-19 01:11:04.699 [info] > git config --get commit.template [4ms]
2025-08-19 01:11:04.701 [info] > git for-each-ref --format=%(refname)%00%(upstream:short)%00%(objectname)%00%(upstream:track)%00%(upstream:remotename)%00%(upstream:remoteref) refs/heads/main refs/remotes/main [3ms]
2025-08-19 01:11:04.717 [info] > git status -z -uall [9ms]
2025-08-19 01:11:04.718 [info] > git for-each-ref --sort -committerdate --format %(refname)%00%(objectname)%00%(*objectname) [2ms]
2025-08-19 01:11:18.041 [info] > git config --get commit.template [2ms]
2025-08-19 01:11:18.046 [info] > git for-each-ref --format=%(refname)%00%(upstream:short)%00%(objectname)%00%(upstream:track)%00%(upstream:remotename)%00%(upstream:remoteref) refs/heads/main refs/remotes/main [2ms]
2025-08-19 01:11:18.054 [info] > git status -z -uall [4ms]
2025-08-19 01:11:18.054 [info] > git for-each-ref --sort -committerdate --format %(refname)%00%(objectname)%00%(*objectname) [1ms]
2025-08-19 01:11:23.077 [info] > git config --get commit.template [7ms]
2025-08-19 01:11:23.079 [info] > git for-each-ref --format=%(refname)%00%(upstream:short)%00%(objectname)%00%(upstream:track)%00%(upstream:remotename)%00%(upstream:remoteref) refs/heads/main refs/remotes/main [3ms]
2025-08-19 01:11:23.097 [info] > git status -z -uall [8ms]
2025-08-19 01:11:23.098 [info] > git for-each-ref --sort -committerdate --format %(refname)%00%(objectname)%00%(*objectname) [2ms]
2025-08-19 01:11:28.121 [info] > git config --get commit.template [10ms]
2025-08-19 01:11:28.123 [info] > git for-each-ref --format=%(refname)%00%(upstream:short)%00%(objectname)%00%(upstream:track)%00%(upstream:remotename)%00%(upstream:remoteref) refs/heads/main refs/remotes/main [3ms]
2025-08-19 01:11:28.138 [info] > git status -z -uall [9ms]
2025-08-19 01:11:28.140 [info] > git for-each-ref --sort -committerdate --format %(refname)%00%(objectname)%00%(*objectname) [2ms]
2025-08-19 01:11:33.166 [info] > git config --get commit.template [12ms]
2025-08-19 01:11:33.170 [info] > git for-each-ref --format=%(refname)%00%(upstream:short)%00%(objectname)%00%(upstream:track)%00%(upstream:remotename)%00%(upstream:remoteref) refs/heads/main refs/remotes/main [5ms]
2025-08-19 01:11:33.187 [info] > git status -z -uall [7ms]
2025-08-19 01:11:33.191 [info] > git for-each-ref --sort -committerdate --format %(refname)%00%(objectname)%00%(*objectname) [4ms]
2025-08-19 01:11:33.556 [info] > git show --textconv :pkgs/default.nix [4ms]
2025-08-19 01:11:33.558 [info] > git ls-files --stage -- pkgs/default.nix [3ms]
2025-08-19 01:11:33.570 [info] > git cat-file -s bf7877007a0502a8fa8e1acfd852e280a88146b8 [3ms]
2025-08-19 01:11:38.218 [info] > git config --get commit.template [12ms]
2025-08-19 01:11:38.219 [info] > git for-each-ref --format=%(refname)%00%(upstream:short)%00%(objectname)%00%(upstream:track)%00%(upstream:remotename)%00%(upstream:remoteref) refs/heads/main refs/remotes/main [3ms]
2025-08-19 01:11:38.236 [info] > git status -z -uall [6ms]
2025-08-19 01:11:38.238 [info] > git for-each-ref --sort -committerdate --format %(refname)%00%(objectname)%00%(*objectname) [3ms]
2025-08-19 01:11:44.820 [info] > git show --textconv :pkgs/default.nix [11ms]
2025-08-19 01:11:44.821 [info] > git ls-files --stage -- pkgs/default.nix [2ms]
2025-08-19 01:11:44.833 [info] > git cat-file -s bf7877007a0502a8fa8e1acfd852e280a88146b8 [2ms]
2025-08-19 01:11:58.365 [info] > git config --get commit.template [7ms]
2025-08-19 01:11:58.368 [info] > git for-each-ref --format=%(refname)%00%(upstream:short)%00%(objectname)%00%(upstream:track)%00%(upstream:remotename)%00%(upstream:remoteref) refs/heads/main refs/remotes/main [4ms]
2025-08-19 01:11:58.384 [info] > git status -z -uall [7ms]
2025-08-19 01:11:58.387 [info] > git for-each-ref --sort -committerdate --format %(refname)%00%(objectname)%00%(*objectname) [4ms]
2025-08-19 01:12:07.927 [info] > git config --get commit.template [4ms]
2025-08-19 01:12:07.929 [info] > git for-each-ref --format=%(refname)%00%(upstream:short)%00%(objectname)%00%(upstream:track)%00%(upstream:remotename)%00%(upstream:remoteref) refs/heads/main refs/remotes/main [3ms]
2025-08-19 01:12:07.943 [info] > git status -z -uall [3ms]
2025-08-19 01:12:07.946 [info] > git for-each-ref --sort -committerdate --format %(refname)%00%(objectname)%00%(*objectname) [3ms]
2025-08-19 01:12:12.979 [info] > git config --get commit.template [12ms]
2025-08-19 01:12:12.982 [info] > git for-each-ref --format=%(refname)%00%(upstream:short)%00%(objectname)%00%(upstream:track)%00%(upstream:remotename)%00%(upstream:remoteref) refs/heads/main refs/remotes/main [4ms]
2025-08-19 01:12:13.005 [info] > git status -z -uall [13ms]
2025-08-19 01:12:13.007 [info] > git for-each-ref --sort -committerdate --format %(refname)%00%(objectname)%00%(*objectname) [2ms]
2025-08-19 01:12:41.429 [info] > git config --get commit.template [8ms]
2025-08-19 01:12:41.431 [info] > git for-each-ref --format=%(refname)%00%(upstream:short)%00%(objectname)%00%(upstream:track)%00%(upstream:remotename)%00%(upstream:remoteref) refs/heads/main refs/remotes/main [3ms]
2025-08-19 01:12:41.438 [info] > git status -z -uall [3ms]
2025-08-19 01:12:41.439 [info] > git for-each-ref --sort -committerdate --format %(refname)%00%(objectname)%00%(*objectname) [1ms]
2025-08-19 01:12:50.631 [info] > git config --get commit.template [13ms]
2025-08-19 01:12:50.634 [info] > git for-each-ref --format=%(refname)%00%(upstream:short)%00%(objectname)%00%(upstream:track)%00%(upstream:remotename)%00%(upstream:remoteref) refs/heads/main refs/remotes/main [4ms]
2025-08-19 01:12:50.653 [info] > git status -z -uall [8ms]
2025-08-19 01:12:50.654 [info] > git for-each-ref --sort -committerdate --format %(refname)%00%(objectname)%00%(*objectname) [1ms]
2025-08-19 01:12:55.887 [info] > git config --get commit.template [11ms]
2025-08-19 01:12:55.889 [info] > git for-each-ref --format=%(refname)%00%(upstream:short)%00%(objectname)%00%(upstream:track)%00%(upstream:remotename)%00%(upstream:remoteref) refs/heads/main refs/remotes/main [3ms]
2025-08-19 01:12:55.911 [info] > git status -z -uall [11ms]
2025-08-19 01:12:55.914 [info] > git for-each-ref --sort -committerdate --format %(refname)%00%(objectname)%00%(*objectname) [4ms]
2025-08-19 01:13:03.032 [info] > git config --get commit.template [13ms]
2025-08-19 01:13:03.034 [info] > git for-each-ref --format=%(refname)%00%(upstream:short)%00%(objectname)%00%(upstream:track)%00%(upstream:remotename)%00%(upstream:remoteref) refs/heads/main refs/remotes/main [3ms]
2025-08-19 01:13:03.055 [info] > git status -z -uall [11ms]
2025-08-19 01:13:03.058 [info] > git for-each-ref --sort -committerdate --format %(refname)%00%(objectname)%00%(*objectname) [4ms]
2025-08-19 01:13:11.142 [info] > git config --get commit.template [5ms]
2025-08-19 01:13:11.144 [info] > git for-each-ref --format=%(refname)%00%(upstream:short)%00%(objectname)%00%(upstream:track)%00%(upstream:remotename)%00%(upstream:remoteref) refs/heads/main refs/remotes/main [3ms]
2025-08-19 01:13:11.164 [info] > git status -z -uall [9ms]
2025-08-19 01:13:11.166 [info] > git for-each-ref --sort -committerdate --format %(refname)%00%(objectname)%00%(*objectname) [3ms]
2025-08-19 01:13:13.506 [info] > git show --textconv :pkgs/default.nix [10ms]
2025-08-19 01:13:13.507 [info] > git ls-files --stage -- pkgs/default.nix [2ms]
2025-08-19 01:13:13.523 [info] > git cat-file -s bf7877007a0502a8fa8e1acfd852e280a88146b8 [4ms]
2025-08-19 01:13:29.026 [info] > git show --textconv :pkgs/default.nix [4ms]
2025-08-19 01:13:29.027 [info] > git ls-files --stage -- pkgs/default.nix [1ms]
2025-08-19 01:13:29.038 [info] > git cat-file -s bf7877007a0502a8fa8e1acfd852e280a88146b8 [4ms]
2025-08-19 01:13:35.023 [info] > git config --get commit.template [11ms]
2025-08-19 01:13:35.023 [info] > git for-each-ref --format=%(refname)%00%(upstream:short)%00%(objectname)%00%(upstream:track)%00%(upstream:remotename)%00%(upstream:remoteref) refs/heads/main refs/remotes/main [1ms]
2025-08-19 01:13:35.039 [info] > git status -z -uall [7ms]
2025-08-19 01:13:35.039 [info] > git for-each-ref --sort -committerdate --format %(refname)%00%(objectname)%00%(*objectname) [1ms]
2025-08-19 01:13:36.104 [info] > git show --textconv :pkgs/default.nix [11ms]
2025-08-19 01:13:36.105 [info] > git ls-files --stage -- pkgs/default.nix [2ms]
2025-08-19 01:13:36.116 [info] > git cat-file -s bf7877007a0502a8fa8e1acfd852e280a88146b8 [3ms]
2025-08-19 01:13:37.107 [info] > git blame --root --incremental ce3e1506b0b41bc2ce49c1fab9cb42987c336a96 -- pkgs/default.nix [6ms]
2025-08-19 01:13:44.105 [info] > git config --get commit.template [12ms]
2025-08-19 01:13:44.107 [info] > git for-each-ref --format=%(refname)%00%(upstream:short)%00%(objectname)%00%(upstream:track)%00%(upstream:remotename)%00%(upstream:remoteref) refs/heads/main refs/remotes/main [3ms]
2025-08-19 01:13:44.128 [info] > git status -z -uall [10ms]
2025-08-19 01:13:44.130 [info] > git for-each-ref --sort -committerdate --format %(refname)%00%(objectname)%00%(*objectname) [2ms]
2025-08-19 01:13:51.000 [info] > git show --textconv :pkgs/default.nix [9ms]
2025-08-19 01:13:51.002 [info] > git ls-files --stage -- pkgs/default.nix [3ms]
2025-08-19 01:13:51.012 [info] > git cat-file -s bf7877007a0502a8fa8e1acfd852e280a88146b8 [3ms]
2025-08-19 01:13:54.010 [info] > git config --get commit.template [10ms]
2025-08-19 01:13:54.013 [info] > git for-each-ref --format=%(refname)%00%(upstream:short)%00%(objectname)%00%(upstream:track)%00%(upstream:remotename)%00%(upstream:remoteref) refs/heads/main refs/remotes/main [3ms]
2025-08-19 01:13:54.030 [info] > git status -z -uall [9ms]
2025-08-19 01:13:54.032 [info] > git for-each-ref --sort -committerdate --format %(refname)%00%(objectname)%00%(*objectname) [3ms]
2025-08-19 01:14:00.966 [info] > git config --get commit.template [11ms]
2025-08-19 01:14:00.967 [info] > git for-each-ref --format=%(refname)%00%(upstream:short)%00%(objectname)%00%(upstream:track)%00%(upstream:remotename)%00%(upstream:remoteref) refs/heads/main refs/remotes/main [2ms]
2025-08-19 01:14:00.990 [info] > git status -z -uall [12ms]
2025-08-19 01:14:00.992 [info] > git for-each-ref --sort -committerdate --format %(refname)%00%(objectname)%00%(*objectname) [3ms]
2025-08-19 01:14:06.009 [info] > git config --get commit.template [4ms]
2025-08-19 01:14:06.013 [info] > git for-each-ref --format=%(refname)%00%(upstream:short)%00%(objectname)%00%(upstream:track)%00%(upstream:remotename)%00%(upstream:remoteref) refs/heads/main refs/remotes/main [4ms]
2025-08-19 01:14:06.033 [info] > git status -z -uall [10ms]
2025-08-19 01:14:06.035 [info] > git for-each-ref --sort -committerdate --format %(refname)%00%(objectname)%00%(*objectname) [3ms]
2025-08-19 01:14:11.064 [info] > git config --get commit.template [12ms]
2025-08-19 01:14:11.064 [info] > git for-each-ref --format=%(refname)%00%(upstream:short)%00%(objectname)%00%(upstream:track)%00%(upstream:remotename)%00%(upstream:remoteref) refs/heads/main refs/remotes/main [1ms]
2025-08-19 01:14:11.079 [info] > git status -z -uall [11ms]
2025-08-19 01:14:11.080 [info] > git for-each-ref --sort -committerdate --format %(refname)%00%(objectname)%00%(*objectname) [2ms]
2025-08-19 01:14:16.111 [info] > git config --get commit.template [12ms]
2025-08-19 01:14:16.113 [info] > git for-each-ref --format=%(refname)%00%(upstream:short)%00%(objectname)%00%(upstream:track)%00%(upstream:remotename)%00%(upstream:remoteref) refs/heads/main refs/remotes/main [3ms]
2025-08-19 01:14:16.136 [info] > git status -z -uall [12ms]
2025-08-19 01:14:16.137 [info] > git for-each-ref --sort -committerdate --format %(refname)%00%(objectname)%00%(*objectname) [3ms]
2025-08-19 01:14:35.911 [info] > git config --get commit.template [4ms]
2025-08-19 01:14:35.912 [info] > git for-each-ref --format=%(refname)%00%(upstream:short)%00%(objectname)%00%(upstream:track)%00%(upstream:remotename)%00%(upstream:remoteref) refs/heads/main refs/remotes/main [1ms]
2025-08-19 01:14:35.919 [info] > git status -z -uall [2ms]
2025-08-19 01:14:35.920 [info] > git for-each-ref --sort -committerdate --format %(refname)%00%(objectname)%00%(*objectname) [1ms]
2025-08-19 01:14:40.946 [info] > git config --get commit.template [9ms]
2025-08-19 01:14:40.948 [info] > git for-each-ref --format=%(refname)%00%(upstream:short)%00%(objectname)%00%(upstream:track)%00%(upstream:remotename)%00%(upstream:remoteref) refs/heads/main refs/remotes/main [3ms]
2025-08-19 01:14:40.958 [info] > git status -z -uall [4ms]
2025-08-19 01:14:40.959 [info] > git for-each-ref --sort -committerdate --format %(refname)%00%(objectname)%00%(*objectname) [1ms]
2025-08-19 01:14:44.162 [info] > git show --textconv :pkgs/default.nix [4ms]
2025-08-19 01:14:44.163 [info] > git ls-files --stage -- pkgs/default.nix [1ms]
2025-08-19 01:14:44.172 [info] > git cat-file -s bf7877007a0502a8fa8e1acfd852e280a88146b8 [3ms]
2025-08-19 01:14:57.601 [info] > git config --get commit.template [7ms]
2025-08-19 01:14:57.604 [info] > git for-each-ref --format=%(refname)%00%(upstream:short)%00%(objectname)%00%(upstream:track)%00%(upstream:remotename)%00%(upstream:remoteref) refs/heads/main refs/remotes/main [4ms]
2025-08-19 01:14:57.625 [info] > git status -z -uall [10ms]
2025-08-19 01:14:57.626 [info] > git for-each-ref --sort -committerdate --format %(refname)%00%(objectname)%00%(*objectname) [2ms]
2025-08-19 01:15:10.439 [info] > git config --get commit.template [12ms]
2025-08-19 01:15:10.440 [info] > git for-each-ref --format=%(refname)%00%(upstream:short)%00%(objectname)%00%(upstream:track)%00%(upstream:remotename)%00%(upstream:remoteref) refs/heads/main refs/remotes/main [2ms]
2025-08-19 01:15:10.461 [info] > git status -z -uall [10ms]
2025-08-19 01:15:10.462 [info] > git for-each-ref --sort -committerdate --format %(refname)%00%(objectname)%00%(*objectname) [2ms]
2025-08-19 01:15:15.489 [info] > git config --get commit.template [12ms]
2025-08-19 01:15:15.490 [info] > git for-each-ref --format=%(refname)%00%(upstream:short)%00%(objectname)%00%(upstream:track)%00%(upstream:remotename)%00%(upstream:remoteref) refs/heads/main refs/remotes/main [2ms]
2025-08-19 01:15:15.506 [info] > git status -z -uall [10ms]
2025-08-19 01:15:15.508 [info] > git for-each-ref --sort -committerdate --format %(refname)%00%(objectname)%00%(*objectname) [3ms]
2025-08-19 01:15:20.537 [info] > git config --get commit.template [12ms]
2025-08-19 01:15:20.540 [info] > git for-each-ref --format=%(refname)%00%(upstream:short)%00%(objectname)%00%(upstream:track)%00%(upstream:remotename)%00%(upstream:remoteref) refs/heads/main refs/remotes/main [4ms]
2025-08-19 01:15:20.561 [info] > git status -z -uall [11ms]
2025-08-19 01:15:20.563 [info] > git for-each-ref --sort -committerdate --format %(refname)%00%(objectname)%00%(*objectname) [3ms]
2025-08-19 01:15:25.585 [info] > git config --get commit.template [1ms]
2025-08-19 01:15:25.600 [info] > git for-each-ref --format=%(refname)%00%(upstream:short)%00%(objectname)%00%(upstream:track)%00%(upstream:remotename)%00%(upstream:remoteref) refs/heads/main refs/remotes/main [3ms]
2025-08-19 01:15:25.623 [info] > git status -z -uall [11ms]
2025-08-19 01:15:25.625 [info] > git for-each-ref --sort -committerdate --format %(refname)%00%(objectname)%00%(*objectname) [2ms]
2025-08-19 01:15:36.667 [info] > git config --get commit.template [9ms]
2025-08-19 01:15:36.668 [info] > git for-each-ref --format=%(refname)%00%(upstream:short)%00%(objectname)%00%(upstream:track)%00%(upstream:remotename)%00%(upstream:remoteref) refs/heads/main refs/remotes/main [2ms]
2025-08-19 01:15:36.684 [info] > git status -z -uall [9ms]
2025-08-19 01:15:36.685 [info] > git for-each-ref --sort -committerdate --format %(refname)%00%(objectname)%00%(*objectname) [2ms]
2025-08-19 01:15:44.834 [info] > git config --get commit.template [3ms]
2025-08-19 01:15:44.835 [info] > git for-each-ref --format=%(refname)%00%(upstream:short)%00%(objectname)%00%(upstream:track)%00%(upstream:remotename)%00%(upstream:remoteref) refs/heads/main refs/remotes/main [1ms]
2025-08-19 01:15:44.856 [info] > git status -z -uall [10ms]
2025-08-19 01:15:44.858 [info] > git for-each-ref --sort -committerdate --format %(refname)%00%(objectname)%00%(*objectname) [3ms]
2025-08-19 01:15:45.637 [info] > git show --textconv :pkgs/default.nix [8ms]
2025-08-19 01:15:45.638 [info] > git ls-files --stage -- pkgs/default.nix [2ms]
2025-08-19 01:15:45.651 [info] > git cat-file -s bf7877007a0502a8fa8e1acfd852e280a88146b8 [3ms]
2025-08-19 01:15:54.757 [info] > git config --get commit.template [12ms]
2025-08-19 01:15:54.758 [info] > git for-each-ref --format=%(refname)%00%(upstream:short)%00%(objectname)%00%(upstream:track)%00%(upstream:remotename)%00%(upstream:remoteref) refs/heads/main refs/remotes/main [2ms]
2025-08-19 01:15:54.780 [info] > git status -z -uall [11ms]
2025-08-19 01:15:54.783 [info] > git for-each-ref --sort -committerdate --format %(refname)%00%(objectname)%00%(*objectname) [3ms]
2025-08-19 01:16:12.350 [info] > git config --get commit.template [12ms]
2025-08-19 01:16:12.351 [info] > git for-each-ref --format=%(refname)%00%(upstream:short)%00%(objectname)%00%(upstream:track)%00%(upstream:remotename)%00%(upstream:remoteref) refs/heads/main refs/remotes/main [2ms]
2025-08-19 01:16:12.367 [info] > git status -z -uall [5ms]
2025-08-19 01:16:12.368 [info] > git for-each-ref --sort -committerdate --format %(refname)%00%(objectname)%00%(*objectname) [2ms]
2025-08-19 01:16:18.319 [info] > git config --get commit.template [10ms]
2025-08-19 01:16:18.321 [info] > git for-each-ref --format=%(refname)%00%(upstream:short)%00%(objectname)%00%(upstream:track)%00%(upstream:remotename)%00%(upstream:remoteref) refs/heads/main refs/remotes/main [4ms]
2025-08-19 01:16:18.342 [info] > git status -z -uall [11ms]
2025-08-19 01:16:18.345 [info] > git for-each-ref --sort -committerdate --format %(refname)%00%(objectname)%00%(*objectname) [4ms]
2025-08-19 01:16:23.366 [info] > git config --get commit.template [5ms]
2025-08-19 01:16:23.367 [info] > git for-each-ref --format=%(refname)%00%(upstream:short)%00%(objectname)%00%(upstream:track)%00%(upstream:remotename)%00%(upstream:remoteref) refs/heads/main refs/remotes/main [2ms]
2025-08-19 01:16:23.387 [info] > git status -z -uall [12ms]
2025-08-19 01:16:23.388 [info] > git for-each-ref --sort -committerdate --format %(refname)%00%(objectname)%00%(*objectname) [3ms]
2025-08-19 01:16:28.413 [info] > git config --get commit.template [8ms]
2025-08-19 01:16:28.415 [info] > git for-each-ref --format=%(refname)%00%(upstream:short)%00%(objectname)%00%(upstream:track)%00%(upstream:remotename)%00%(upstream:remoteref) refs/heads/main refs/remotes/main [3ms]
2025-08-19 01:16:28.438 [info] > git status -z -uall [13ms]
2025-08-19 01:16:28.439 [info] > git for-each-ref --sort -committerdate --format %(refname)%00%(objectname)%00%(*objectname) [3ms]
2025-08-19 01:16:35.023 [info] > git config --get commit.template [15ms]
2025-08-19 01:16:35.024 [info] > git for-each-ref --format=%(refname)%00%(upstream:short)%00%(objectname)%00%(upstream:track)%00%(upstream:remotename)%00%(upstream:remoteref) refs/heads/main refs/remotes/main [2ms]
2025-08-19 01:16:35.039 [info] > git status -z -uall [4ms]
2025-08-19 01:16:35.039 [info] > git for-each-ref --sort -committerdate --format %(refname)%00%(objectname)%00%(*objectname) [1ms]
2025-08-19 01:16:44.745 [info] > git config --get commit.template [6ms]
2025-08-19 01:16:44.747 [info] > git for-each-ref --format=%(refname)%00%(upstream:short)%00%(objectname)%00%(upstream:track)%00%(upstream:remotename)%00%(upstream:remoteref) refs/heads/main refs/remotes/main [3ms]
2025-08-19 01:16:44.756 [info] > git status -z -uall [4ms]
2025-08-19 01:16:44.757 [info] > git for-each-ref --sort -committerdate --format %(refname)%00%(objectname)%00%(*objectname) [1ms]
2025-08-19 01:16:52.973 [info] > git config --get commit.template [12ms]
2025-08-19 01:16:52.975 [info] > git for-each-ref --format=%(refname)%00%(upstream:short)%00%(objectname)%00%(upstream:track)%00%(upstream:remotename)%00%(upstream:remoteref) refs/heads/main refs/remotes/main [3ms]
2025-08-19 01:16:52.997 [info] > git status -z -uall [11ms]
2025-08-19 01:16:53.000 [info] > git for-each-ref --sort -committerdate --format %(refname)%00%(objectname)%00%(*objectname) [3ms]
2025-08-19 01:17:00.283 [info] > git config --get commit.template [5ms]
2025-08-19 01:17:00.284 [info] > git for-each-ref --format=%(refname)%00%(upstream:short)%00%(objectname)%00%(upstream:track)%00%(upstream:remotename)%00%(upstream:remoteref) refs/heads/main refs/remotes/main [1ms]
2025-08-19 01:17:00.298 [info] > git status -z -uall [8ms]
2025-08-19 01:17:00.300 [info] > git for-each-ref --sort -committerdate --format %(refname)%00%(objectname)%00%(*objectname) [2ms]
2025-08-19 01:17:05.886 [info] > git config --get commit.template [12ms]
2025-08-19 01:17:05.887 [info] > git for-each-ref --format=%(refname)%00%(upstream:short)%00%(objectname)%00%(upstream:track)%00%(upstream:remotename)%00%(upstream:remoteref) refs/heads/main refs/remotes/main [2ms]
2025-08-19 01:17:05.906 [info] > git status -z -uall [11ms]
2025-08-19 01:17:05.908 [info] > git for-each-ref --sort -committerdate --format %(refname)%00%(objectname)%00%(*objectname) [3ms]
2025-08-19 01:17:10.933 [info] > git config --get commit.template [11ms]
2025-08-19 01:17:10.934 [info] > git for-each-ref --format=%(refname)%00%(upstream:short)%00%(objectname)%00%(upstream:track)%00%(upstream:remotename)%00%(upstream:remoteref) refs/heads/main refs/remotes/main [2ms]
2025-08-19 01:17:10.952 [info] > git status -z -uall [10ms]
2025-08-19 01:17:10.955 [info] > git for-each-ref --sort -committerdate --format %(refname)%00%(objectname)%00%(*objectname) [4ms]
2025-08-19 01:17:19.889 [info] > git config --get commit.template [6ms]
2025-08-19 01:17:19.891 [info] > git for-each-ref --format=%(refname)%00%(upstream:short)%00%(objectname)%00%(upstream:track)%00%(upstream:remotename)%00%(upstream:remoteref) refs/heads/main refs/remotes/main [3ms]
2025-08-19 01:17:19.910 [info] > git status -z -uall [8ms]
2025-08-19 01:17:19.912 [info] > git for-each-ref --sort -committerdate --format %(refname)%00%(objectname)%00%(*objectname) [2ms]
2025-08-19 01:17:24.925 [info] > git config --get commit.template [4ms]
2025-08-19 01:17:24.926 [info] > git for-each-ref --format=%(refname)%00%(upstream:short)%00%(objectname)%00%(upstream:track)%00%(upstream:remotename)%00%(upstream:remoteref) refs/heads/main refs/remotes/main [2ms]
2025-08-19 01:17:24.937 [info] > git status -z -uall [6ms]
2025-08-19 01:17:24.938 [info] > git for-each-ref --sort -committerdate --format %(refname)%00%(objectname)%00%(*objectname) [1ms]
2025-08-19 01:20:40.962 [info] > git config --get commit.template [3ms]
2025-08-19 01:20:40.963 [info] > git for-each-ref --format=%(refname)%00%(upstream:short)%00%(objectname)%00%(upstream:track)%00%(upstream:remotename)%00%(upstream:remoteref) refs/heads/main refs/remotes/main [1ms]
2025-08-19 01:20:40.970 [info] > git status -z -uall [4ms]
2025-08-19 01:20:40.972 [info] > git for-each-ref --sort -committerdate --format %(refname)%00%(objectname)%00%(*objectname) [2ms]
2025-08-19 01:20:41.297 [info] > git show --textconv :pkgs/default.nix [3ms]
2025-08-19 01:20:41.297 [info] > git ls-files --stage -- pkgs/default.nix [1ms]
2025-08-19 01:20:41.303 [info] > git cat-file -s bf7877007a0502a8fa8e1acfd852e280a88146b8 [2ms]
2025-08-19 01:20:45.991 [info] > git config --get commit.template [3ms]
2025-08-19 01:20:45.994 [info] > git for-each-ref --format=%(refname)%00%(upstream:short)%00%(objectname)%00%(upstream:track)%00%(upstream:remotename)%00%(upstream:remoteref) refs/heads/main refs/remotes/main [4ms]
2025-08-19 01:20:46.008 [info] > git status -z -uall [4ms]
2025-08-19 01:20:46.008 [info] > git for-each-ref --sort -committerdate --format %(refname)%00%(objectname)%00%(*objectname) [1ms]
2025-08-19 01:20:51.033 [info] > git config --get commit.template [9ms]
2025-08-19 01:20:51.035 [info] > git for-each-ref --format=%(refname)%00%(upstream:short)%00%(objectname)%00%(upstream:track)%00%(upstream:remotename)%00%(upstream:remoteref) refs/heads/main refs/remotes/main [3ms]
2025-08-19 01:20:51.048 [info] > git status -z -uall [4ms]
2025-08-19 01:20:51.049 [info] > git for-each-ref --sort -committerdate --format %(refname)%00%(objectname)%00%(*objectname) [1ms]
2025-08-19 01:20:54.337 [info] > git check-ignore -v -z --stdin [3ms]
2025-08-19 01:20:56.069 [info] > git config --get commit.template [5ms]
2025-08-19 01:20:56.071 [info] > git for-each-ref --format=%(refname)%00%(upstream:short)%00%(objectname)%00%(upstream:track)%00%(upstream:remotename)%00%(upstream:remoteref) refs/heads/main refs/remotes/main [3ms]
2025-08-19 01:20:56.090 [info] > git status -z -uall [9ms]
2025-08-19 01:20:56.092 [info] > git for-each-ref --sort -committerdate --format %(refname)%00%(objectname)%00%(*objectname) [4ms]
2025-08-19 01:20:56.267 [info] > git check-ignore -v -z --stdin [3ms]
2025-08-19 01:20:59.948 [info] > git show --textconv :home-manager/configs/git.nix [11ms]
2025-08-19 01:20:59.949 [warning] [GitFileSystemProvider][readFile] File not found - git:/etc/nixos/home-manager/configs/git.nix.git?%7B%22path%22%3A%22%2Fetc%2Fnixos%2Fhome-manager%2Fconfigs%2Fgit.nix%22%2C%22ref%22%3A%22%22%7D
2025-08-19 01:20:59.949 [info] > git ls-files --stage -- home-manager/configs/git.nix [2ms]
2025-08-19 01:20:59.950 [warning] [GitFileSystemProvider][stat] File not found - git:/etc/nixos/home-manager/configs/git.nix.git?%7B%22path%22%3A%22%2Fetc%2Fnixos%2Fhome-manager%2Fconfigs%2Fgit.nix%22%2C%22ref%22%3A%22%22%7D
2025-08-19 01:21:00.232 [info] > git check-ignore -v -z --stdin [3ms]
2025-08-19 01:21:01.112 [info] > git config --get commit.template [4ms]
2025-08-19 01:21:01.112 [info] > git for-each-ref --format=%(refname)%00%(upstream:short)%00%(objectname)%00%(upstream:track)%00%(upstream:remotename)%00%(upstream:remoteref) refs/heads/main refs/remotes/main [1ms]
2025-08-19 01:21:01.125 [info] > git status -z -uall [9ms]
2025-08-19 01:21:01.128 [info] > git for-each-ref --sort -committerdate --format %(refname)%00%(objectname)%00%(*objectname) [4ms]
2025-08-19 01:21:06.154 [info] > git config --get commit.template [12ms]
2025-08-19 01:21:06.155 [info] > git for-each-ref --format=%(refname)%00%(upstream:short)%00%(objectname)%00%(upstream:track)%00%(upstream:remotename)%00%(upstream:remoteref) refs/heads/main refs/remotes/main [3ms]
2025-08-19 01:21:06.169 [info] > git status -z -uall [7ms]
2025-08-19 01:21:06.170 [info] > git for-each-ref --sort -committerdate --format %(refname)%00%(objectname)%00%(*objectname) [2ms]
2025-08-19 01:21:11.198 [info] > git config --get commit.template [11ms]
2025-08-19 01:21:11.201 [info] > git for-each-ref --format=%(refname)%00%(upstream:short)%00%(objectname)%00%(upstream:track)%00%(upstream:remotename)%00%(upstream:remoteref) refs/heads/main refs/remotes/main [4ms]
2025-08-19 01:21:11.222 [info] > git status -z -uall [11ms]
2025-08-19 01:21:11.225 [info] > git for-each-ref --sort -committerdate --format %(refname)%00%(objectname)%00%(*objectname) [4ms]
2025-08-19 01:21:18.989 [info] > git config --get commit.template [13ms]
2025-08-19 01:21:18.992 [info] > git for-each-ref --format=%(refname)%00%(upstream:short)%00%(objectname)%00%(upstream:track)%00%(upstream:remotename)%00%(upstream:remoteref) refs/heads/main refs/remotes/main [4ms]
2025-08-19 01:21:19.013 [info] > git status -z -uall [11ms]
2025-08-19 01:21:19.017 [info] > git for-each-ref --sort -committerdate --format %(refname)%00%(objectname)%00%(*objectname) [4ms]
2025-08-19 01:21:32.102 [info] > git config --get commit.template [5ms]
2025-08-19 01:21:32.103 [info] > git for-each-ref --format=%(refname)%00%(upstream:short)%00%(objectname)%00%(upstream:track)%00%(upstream:remotename)%00%(upstream:remoteref) refs/heads/main refs/remotes/main [1ms]
2025-08-19 01:21:32.109 [info] > git status -z -uall [3ms]
2025-08-19 01:21:32.110 [info] > git for-each-ref --sort -committerdate --format %(refname)%00%(objectname)%00%(*objectname) [1ms]
2025-08-19 01:21:37.134 [info] > git config --get commit.template [11ms]
2025-08-19 01:21:37.134 [info] > git for-each-ref --format=%(refname)%00%(upstream:short)%00%(objectname)%00%(upstream:track)%00%(upstream:remotename)%00%(upstream:remoteref) refs/heads/main refs/remotes/main [1ms]
2025-08-19 01:21:37.145 [info] > git status -z -uall [6ms]
2025-08-19 01:21:37.147 [info] > git for-each-ref --sort -committerdate --format %(refname)%00%(objectname)%00%(*objectname) [2ms]
2025-08-19 01:21:42.175 [info] > git config --get commit.template [12ms]
2025-08-19 01:21:42.177 [info] > git for-each-ref --format=%(refname)%00%(upstream:short)%00%(objectname)%00%(upstream:track)%00%(upstream:remotename)%00%(upstream:remoteref) refs/heads/main refs/remotes/main [3ms]
2025-08-19 01:21:42.188 [info] > git status -z -uall [4ms]
2025-08-19 01:21:42.189 [info] > git for-each-ref --sort -committerdate --format %(refname)%00%(objectname)%00%(*objectname) [1ms]
2025-08-19 01:21:54.325 [info] > git config --get commit.template [7ms]
2025-08-19 01:21:54.326 [info] > git for-each-ref --format=%(refname)%00%(upstream:short)%00%(objectname)%00%(upstream:track)%00%(upstream:remotename)%00%(upstream:remoteref) refs/heads/main refs/remotes/main [3ms]
2025-08-19 01:21:54.338 [info] > git status -z -uall [6ms]
2025-08-19 01:21:54.339 [info] > git for-each-ref --sort -committerdate --format %(refname)%00%(objectname)%00%(*objectname) [2ms]
2025-08-19 01:21:59.415 [info] > git config --get commit.template [12ms]
2025-08-19 01:21:59.419 [info] > git for-each-ref --format=%(refname)%00%(upstream:short)%00%(objectname)%00%(upstream:track)%00%(upstream:remotename)%00%(upstream:remoteref) refs/heads/main refs/remotes/main [3ms]
2025-08-19 01:21:59.435 [info] > git status -z -uall [7ms]
2025-08-19 01:21:59.437 [info] > git for-each-ref --sort -committerdate --format %(refname)%00%(objectname)%00%(*objectname) [2ms]
2025-08-19 01:22:11.637 [info] > git config --get commit.template [6ms]
2025-08-19 01:22:11.639 [info] > git for-each-ref --format=%(refname)%00%(upstream:short)%00%(objectname)%00%(upstream:track)%00%(upstream:remotename)%00%(upstream:remoteref) refs/heads/main refs/remotes/main [1ms]
2025-08-19 01:22:11.646 [info] > git status -z -uall [4ms]
2025-08-19 01:22:11.646 [info] > git for-each-ref --sort -committerdate --format %(refname)%00%(objectname)%00%(*objectname) [1ms]
2025-08-19 01:22:11.982 [info] > git show --textconv :home-manager/configs/alacritty.nix [12ms]
2025-08-19 01:22:11.984 [info] > git ls-files --stage -- home-manager/configs/alacritty.nix [3ms]
2025-08-19 01:22:11.995 [info] > git cat-file -s 60861a6b3f95532ceaf41977c0e0f534933044a6 [2ms]
2025-08-19 01:22:35.040 [info] > git config --get commit.template [3ms]
2025-08-19 01:22:35.043 [info] > git for-each-ref --format=%(refname)%00%(upstream:short)%00%(objectname)%00%(upstream:track)%00%(upstream:remotename)%00%(upstream:remoteref) refs/heads/main refs/remotes/main [3ms]
2025-08-19 01:22:35.064 [info] > git status -z -uall [11ms]
2025-08-19 01:22:35.067 [info] > git for-each-ref --sort -committerdate --format %(refname)%00%(objectname)%00%(*objectname) [4ms]
2025-08-19 01:22:51.279 [info] > git show --textconv :home-manager/configs/alacritty.nix [12ms]
2025-08-19 01:22:51.280 [info] > git ls-files --stage -- home-manager/configs/alacritty.nix [2ms]
2025-08-19 01:22:51.292 [info] > git cat-file -s 60861a6b3f95532ceaf41977c0e0f534933044a6 [2ms]
2025-08-19 01:22:51.517 [info] > git config --get commit.template [11ms]
2025-08-19 01:22:51.519 [info] > git for-each-ref --format=%(refname)%00%(upstream:short)%00%(objectname)%00%(upstream:track)%00%(upstream:remotename)%00%(upstream:remoteref) refs/heads/main refs/remotes/main [2ms]
2025-08-19 01:22:51.538 [info] > git status -z -uall [9ms]
2025-08-19 01:22:51.540 [info] > git for-each-ref --sort -committerdate --format %(refname)%00%(objectname)%00%(*objectname) [3ms]
2025-08-19 01:22:51.988 [info] > git blame --root --incremental ce3e1506b0b41bc2ce49c1fab9cb42987c336a96 -- home-manager/configs/alacritty.nix [4ms]
2025-08-19 01:22:56.566 [info] > git config --get commit.template [10ms]
2025-08-19 01:22:56.568 [info] > git for-each-ref --format=%(refname)%00%(upstream:short)%00%(objectname)%00%(upstream:track)%00%(upstream:remotename)%00%(upstream:remoteref) refs/heads/main refs/remotes/main [2ms]
2025-08-19 01:22:56.586 [info] > git status -z -uall [7ms]
2025-08-19 01:22:56.588 [info] > git for-each-ref --sort -committerdate --format %(refname)%00%(objectname)%00%(*objectname) [3ms]
2025-08-19 01:22:57.856 [info] > git show --textconv :pkgs/default.nix [5ms]
2025-08-19 01:22:57.858 [info] > git ls-files --stage -- pkgs/default.nix [3ms]
2025-08-19 01:22:57.869 [info] > git cat-file -s bf7877007a0502a8fa8e1acfd852e280a88146b8 [2ms]
2025-08-19 01:22:59.867 [info] > git show --textconv :home-manager/configs/alacritty.nix [13ms]
2025-08-19 01:22:59.868 [info] > git ls-files --stage -- home-manager/configs/alacritty.nix [3ms]
2025-08-19 01:22:59.881 [info] > git cat-file -s 60861a6b3f95532ceaf41977c0e0f534933044a6 [3ms]
2025-08-19 01:23:03.955 [info] > git show --textconv :home-manager/configs/alacritty.nix [7ms]
2025-08-19 01:23:03.957 [info] > git ls-files --stage -- home-manager/configs/alacritty.nix [2ms]
2025-08-19 01:23:03.966 [info] > git cat-file -s 60861a6b3f95532ceaf41977c0e0f534933044a6 [2ms]
2025-08-19 01:23:15.160 [info] > git show --textconv :home-manager/configs/bash.nix [12ms]
2025-08-19 01:23:15.160 [warning] [GitFileSystemProvider][readFile] File not found - git:/etc/nixos/home-manager/configs/bash.nix.git?%7B%22path%22%3A%22%2Fetc%2Fnixos%2Fhome-manager%2Fconfigs%2Fbash.nix%22%2C%22ref%22%3A%22%22%7D
2025-08-19 01:23:15.161 [info] > git ls-files --stage -- home-manager/configs/bash.nix [2ms]
2025-08-19 01:23:15.161 [warning] [GitFileSystemProvider][stat] File not found - git:/etc/nixos/home-manager/configs/bash.nix.git?%7B%22path%22%3A%22%2Fetc%2Fnixos%2Fhome-manager%2Fconfigs%2Fbash.nix%22%2C%22ref%22%3A%22%22%7D
2025-08-19 01:23:15.445 [info] > git check-ignore -v -z --stdin [3ms]
2025-08-19 01:23:15.993 [info] > git config --get commit.template [4ms]
2025-08-19 01:23:15.994 [info] > git for-each-ref --format=%(refname)%00%(upstream:short)%00%(objectname)%00%(upstream:track)%00%(upstream:remotename)%00%(upstream:remoteref) refs/heads/main refs/remotes/main [2ms]
2025-08-19 01:23:16.001 [info] > git status -z -uall [4ms]
2025-08-19 01:23:16.002 [info] > git for-each-ref --sort -committerdate --format %(refname)%00%(objectname)%00%(*objectname) [1ms]
2025-08-19 01:23:21.026 [info] > git config --get commit.template [11ms]
2025-08-19 01:23:21.029 [info] > git for-each-ref --format=%(refname)%00%(upstream:short)%00%(objectname)%00%(upstream:track)%00%(upstream:remotename)%00%(upstream:remoteref) refs/heads/main refs/remotes/main [4ms]
2025-08-19 01:23:21.051 [info] > git status -z -uall [11ms]
2025-08-19 01:23:21.053 [info] > git for-each-ref --sort -committerdate --format %(refname)%00%(objectname)%00%(*objectname) [3ms]
2025-08-19 01:23:26.082 [info] > git config --get commit.template [12ms]
2025-08-19 01:23:26.085 [info] > git for-each-ref --format=%(refname)%00%(upstream:short)%00%(objectname)%00%(upstream:track)%00%(upstream:remotename)%00%(upstream:remoteref) refs/heads/main refs/remotes/main [4ms]
2025-08-19 01:23:26.107 [info] > git status -z -uall [11ms]
2025-08-19 01:23:26.109 [info] > git for-each-ref --sort -committerdate --format %(refname)%00%(objectname)%00%(*objectname) [3ms]
2025-08-19 01:23:35.902 [info] > git config --get commit.template [11ms]
2025-08-19 01:23:35.904 [info] > git for-each-ref --format=%(refname)%00%(upstream:short)%00%(objectname)%00%(upstream:track)%00%(upstream:remotename)%00%(upstream:remoteref) refs/heads/main refs/remotes/main [3ms]
2025-08-19 01:23:35.925 [info] > git status -z -uall [10ms]
2025-08-19 01:23:35.927 [info] > git for-each-ref --sort -committerdate --format %(refname)%00%(objectname)%00%(*objectname) [3ms]
2025-08-19 01:23:42.323 [info] > git config --get commit.template [11ms]
2025-08-19 01:23:42.325 [info] > git for-each-ref --format=%(refname)%00%(upstream:short)%00%(objectname)%00%(upstream:track)%00%(upstream:remotename)%00%(upstream:remoteref) refs/heads/main refs/remotes/main [3ms]
2025-08-19 01:23:42.339 [info] > git status -z -uall [3ms]
2025-08-19 01:23:42.339 [info] > git for-each-ref --sort -committerdate --format %(refname)%00%(objectname)%00%(*objectname) [0ms]
2025-08-19 01:23:47.361 [info] > git config --get commit.template [12ms]
2025-08-19 01:23:47.363 [info] > git for-each-ref --format=%(refname)%00%(upstream:short)%00%(objectname)%00%(upstream:track)%00%(upstream:remotename)%00%(upstream:remoteref) refs/heads/main refs/remotes/main [3ms]
2025-08-19 01:23:47.382 [info] > git status -z -uall [8ms]
2025-08-19 01:23:47.383 [info] > git for-each-ref --sort -committerdate --format %(refname)%00%(objectname)%00%(*objectname) [2ms]
2025-08-19 01:23:52.406 [info] > git config --get commit.template [9ms]
2025-08-19 01:23:52.406 [info] > git for-each-ref --format=%(refname)%00%(upstream:short)%00%(objectname)%00%(upstream:track)%00%(upstream:remotename)%00%(upstream:remoteref) refs/heads/main refs/remotes/main [1ms]
2025-08-19 01:23:52.422 [info] > git status -z -uall [12ms]
2025-08-19 01:23:52.425 [info] > git for-each-ref --sort -committerdate --format %(refname)%00%(objectname)%00%(*objectname) [4ms]
2025-08-19 01:24:05.680 [info] > git config --get commit.template [8ms]
2025-08-19 01:24:05.682 [info] > git for-each-ref --format=%(refname)%00%(upstream:short)%00%(objectname)%00%(upstream:track)%00%(upstream:remotename)%00%(upstream:remoteref) refs/heads/main refs/remotes/main [3ms]
2025-08-19 01:24:05.703 [info] > git status -z -uall [10ms]
2025-08-19 01:24:05.706 [info] > git for-each-ref --sort -committerdate --format %(refname)%00%(objectname)%00%(*objectname) [4ms]
2025-08-19 01:24:10.730 [info] > git config --get commit.template [7ms]
2025-08-19 01:24:10.733 [info] > git for-each-ref --format=%(refname)%00%(upstream:short)%00%(objectname)%00%(upstream:track)%00%(upstream:remotename)%00%(upstream:remoteref) refs/heads/main refs/remotes/main [3ms]
2025-08-19 01:24:10.746 [info] > git status -z -uall [9ms]
2025-08-19 01:24:10.748 [info] > git for-each-ref --sort -committerdate --format %(refname)%00%(objectname)%00%(*objectname) [2ms]
2025-08-19 01:24:31.631 [info] > git show --textconv :home-manager/home.nix [13ms]
2025-08-19 01:24:31.632 [info] > git ls-files --stage -- home-manager/home.nix [3ms]
2025-08-19 01:24:31.644 [info] > git cat-file -s bd13b850b9602712a77ee42bce46cded4d9026ab [3ms]
2025-08-19 01:25:05.507 [info] > git blame --root --incremental ce3e1506b0b41bc2ce49c1fab9cb42987c336a96 -- home-manager/home.nix [5ms]
2025-08-19 01:25:05.511 [info] > git config --get commit.template [4ms]
2025-08-19 01:25:05.511 [info] > git for-each-ref --format=%(refname)%00%(upstream:short)%00%(objectname)%00%(upstream:track)%00%(upstream:remotename)%00%(upstream:remoteref) refs/heads/main refs/remotes/main [0ms]
2025-08-19 01:25:05.519 [info] > git status -z -uall [5ms]
2025-08-19 01:25:05.520 [info] > git for-each-ref --sort -committerdate --format %(refname)%00%(objectname)%00%(*objectname) [1ms]
2025-08-19 01:25:10.539 [info] > git config --get commit.template [4ms]
2025-08-19 01:25:10.542 [info] > git for-each-ref --format=%(refname)%00%(upstream:short)%00%(objectname)%00%(upstream:track)%00%(upstream:remotename)%00%(upstream:remoteref) refs/heads/main refs/remotes/main [4ms]
2025-08-19 01:25:10.559 [info] > git status -z -uall [7ms]
2025-08-19 01:25:10.561 [info] > git for-each-ref --sort -committerdate --format %(refname)%00%(objectname)%00%(*objectname) [3ms]
2025-08-19 01:25:15.654 [info] > git config --get commit.template [11ms]
2025-08-19 01:25:15.658 [info] > git for-each-ref --format=%(refname)%00%(upstream:short)%00%(objectname)%00%(upstream:track)%00%(upstream:remotename)%00%(upstream:remoteref) refs/heads/main refs/remotes/main [4ms]
2025-08-19 01:25:15.676 [info] > git status -z -uall [7ms]
2025-08-19 01:25:15.679 [info] > git for-each-ref --sort -committerdate --format %(refname)%00%(objectname)%00%(*objectname) [4ms]
2025-08-19 01:25:20.707 [info] > git config --get commit.template [12ms]
2025-08-19 01:25:20.707 [info] > git for-each-ref --format=%(refname)%00%(upstream:short)%00%(objectname)%00%(upstream:track)%00%(upstream:remotename)%00%(upstream:remoteref) refs/heads/main refs/remotes/main [2ms]
2025-08-19 01:25:20.722 [info] > git status -z -uall [7ms]
2025-08-19 01:25:20.723 [info] > git for-each-ref --sort -committerdate --format %(refname)%00%(objectname)%00%(*objectname) [2ms]
2025-08-19 01:25:25.751 [info] > git config --get commit.template [12ms]
2025-08-19 01:25:25.754 [info] > git for-each-ref --format=%(refname)%00%(upstream:short)%00%(objectname)%00%(upstream:track)%00%(upstream:remotename)%00%(upstream:remoteref) refs/heads/main refs/remotes/main [4ms]
2025-08-19 01:25:25.776 [info] > git status -z -uall [11ms]
2025-08-19 01:25:25.777 [info] > git for-each-ref --sort -committerdate --format %(refname)%00%(objectname)%00%(*objectname) [3ms]
2025-08-19 01:25:30.805 [info] > git config --get commit.template [12ms]
2025-08-19 01:25:30.808 [info] > git for-each-ref --format=%(refname)%00%(upstream:short)%00%(objectname)%00%(upstream:track)%00%(upstream:remotename)%00%(upstream:remoteref) refs/heads/main refs/remotes/main [4ms]
2025-08-19 01:25:30.828 [info] > git status -z -uall [9ms]
2025-08-19 01:25:30.830 [info] > git for-each-ref --sort -committerdate --format %(refname)%00%(objectname)%00%(*objectname) [2ms]
2025-08-19 01:25:51.824 [info] > git config --get commit.template [2ms]
2025-08-19 01:25:51.830 [info] > git for-each-ref --format=%(refname)%00%(upstream:short)%00%(objectname)%00%(upstream:track)%00%(upstream:remotename)%00%(upstream:remoteref) refs/heads/main refs/remotes/main [1ms]
2025-08-19 01:25:51.839 [info] > git status -z -uall [4ms]
2025-08-19 01:25:51.841 [info] > git for-each-ref --sort -committerdate --format %(refname)%00%(objectname)%00%(*objectname) [2ms]
2025-08-19 01:25:56.864 [info] > git config --get commit.template [11ms]
2025-08-19 01:25:56.866 [info] > git for-each-ref --format=%(refname)%00%(upstream:short)%00%(objectname)%00%(upstream:track)%00%(upstream:remotename)%00%(upstream:remoteref) refs/heads/main refs/remotes/main [2ms]
2025-08-19 01:25:56.888 [info] > git status -z -uall [11ms]
2025-08-19 01:25:56.892 [info] > git for-each-ref --sort -committerdate --format %(refname)%00%(objectname)%00%(*objectname) [4ms]
2025-08-19 01:26:01.921 [info] > git config --get commit.template [12ms]
2025-08-19 01:26:01.924 [info] > git for-each-ref --format=%(refname)%00%(upstream:short)%00%(objectname)%00%(upstream:track)%00%(upstream:remotename)%00%(upstream:remoteref) refs/heads/main refs/remotes/main [4ms]
2025-08-19 01:26:01.934 [info] > git status -z -uall [7ms]
2025-08-19 01:26:01.935 [info] > git for-each-ref --sort -committerdate --format %(refname)%00%(objectname)%00%(*objectname) [1ms]
2025-08-19 01:26:10.755 [info] > git config --get commit.template [3ms]
2025-08-19 01:26:10.755 [info] > git for-each-ref --format=%(refname)%00%(upstream:short)%00%(objectname)%00%(upstream:track)%00%(upstream:remotename)%00%(upstream:remoteref) refs/heads/main refs/remotes/main [1ms]
2025-08-19 01:26:10.767 [info] > git status -z -uall [6ms]
2025-08-19 01:26:10.768 [info] > git for-each-ref --sort -committerdate --format %(refname)%00%(objectname)%00%(*objectname) [2ms]
2025-08-19 01:26:15.797 [info] > git config --get commit.template [12ms]
2025-08-19 01:26:15.798 [info] > git for-each-ref --format=%(refname)%00%(upstream:short)%00%(objectname)%00%(upstream:track)%00%(upstream:remotename)%00%(upstream:remoteref) refs/heads/main refs/remotes/main [2ms]
2025-08-19 01:26:15.807 [info] > git status -z -uall [5ms]
2025-08-19 01:26:15.808 [info] > git for-each-ref --sort -committerdate --format %(refname)%00%(objectname)%00%(*objectname) [2ms]
2025-08-19 01:26:16.148 [info] > git show --textconv :modules/security.nix [4ms]
2025-08-19 01:26:16.149 [warning] [GitFileSystemProvider][readFile] File not found - git:/etc/nixos/modules/security.nix.git?%7B%22path%22%3A%22%2Fetc%2Fnixos%2Fmodules%2Fsecurity.nix%22%2C%22ref%22%3A%22%22%7D
2025-08-19 01:26:16.150 [info] > git ls-files --stage -- modules/security.nix [3ms]
2025-08-19 01:26:16.151 [warning] [GitFileSystemProvider][stat] File not found - git:/etc/nixos/modules/security.nix.git?%7B%22path%22%3A%22%2Fetc%2Fnixos%2Fmodules%2Fsecurity.nix%22%2C%22ref%22%3A%22%22%7D
2025-08-19 01:26:16.332 [info] > git check-ignore -v -z --stdin [0ms]
2025-08-19 01:26:19.398 [info] > git blame --root --incremental ce3e1506b0b41bc2ce49c1fab9cb42987c336a96 -- modules/security.nix [3ms]
2025-08-19 01:26:19.399 [info] fatal: no such path modules/security.nix in ce3e1506b0b41bc2ce49c1fab9cb42987c336a96
2025-08-19 01:26:20.836 [info] > git config --get commit.template [13ms]
2025-08-19 01:26:20.839 [info] > git for-each-ref --format=%(refname)%00%(upstream:short)%00%(objectname)%00%(upstream:track)%00%(upstream:remotename)%00%(upstream:remoteref) refs/heads/main refs/remotes/main [4ms]
2025-08-19 01:26:20.858 [info] > git status -z -uall [10ms]
2025-08-19 01:26:20.859 [info] > git for-each-ref --sort -committerdate --format %(refname)%00%(objectname)%00%(*objectname) [2ms]
2025-08-19 01:26:25.882 [info] > git config --get commit.template [4ms]
2025-08-19 01:26:25.883 [info] > git for-each-ref --format=%(refname)%00%(upstream:short)%00%(objectname)%00%(upstream:track)%00%(upstream:remotename)%00%(upstream:remoteref) refs/heads/main refs/remotes/main [2ms]
2025-08-19 01:26:25.904 [info] > git status -z -uall [10ms]
2025-08-19 01:26:25.907 [info] > git for-each-ref --sort -committerdate --format %(refname)%00%(objectname)%00%(*objectname) [3ms]
2025-08-19 01:26:31.659 [info] > git config --get commit.template [5ms]
2025-08-19 01:26:31.660 [info] > git for-each-ref --format=%(refname)%00%(upstream:short)%00%(objectname)%00%(upstream:track)%00%(upstream:remotename)%00%(upstream:remoteref) refs/heads/main refs/remotes/main [2ms]
2025-08-19 01:26:31.666 [info] > git status -z -uall [3ms]
2025-08-19 01:26:31.666 [info] > git for-each-ref --sort -committerdate --format %(refname)%00%(objectname)%00%(*objectname) [1ms]
2025-08-19 01:26:36.689 [info] > git config --get commit.template [12ms]
2025-08-19 01:26:36.690 [info] > git for-each-ref --format=%(refname)%00%(upstream:short)%00%(objectname)%00%(upstream:track)%00%(upstream:remotename)%00%(upstream:remoteref) refs/heads/main refs/remotes/main [2ms]
2025-08-19 01:26:36.712 [info] > git status -z -uall [11ms]
2025-08-19 01:26:36.714 [info] > git for-each-ref --sort -committerdate --format %(refname)%00%(objectname)%00%(*objectname) [3ms]
2025-08-19 01:26:41.741 [info] > git config --get commit.template [7ms]
2025-08-19 01:26:41.744 [info] > git for-each-ref --format=%(refname)%00%(upstream:short)%00%(objectname)%00%(upstream:track)%00%(upstream:remotename)%00%(upstream:remoteref) refs/heads/main refs/remotes/main [4ms]
2025-08-19 01:26:41.753 [info] > git status -z -uall [7ms]
2025-08-19 01:26:41.754 [info] > git for-each-ref --sort -committerdate --format %(refname)%00%(objectname)%00%(*objectname) [1ms]
2025-08-19 01:26:46.779 [info] > git config --get commit.template [9ms]
2025-08-19 01:26:46.780 [info] > git for-each-ref --format=%(refname)%00%(upstream:short)%00%(objectname)%00%(upstream:track)%00%(upstream:remotename)%00%(upstream:remoteref) refs/heads/main refs/remotes/main [2ms]
2025-08-19 01:26:46.802 [info] > git status -z -uall [12ms]
2025-08-19 01:26:46.805 [info] > git for-each-ref --sort -committerdate --format %(refname)%00%(objectname)%00%(*objectname) [4ms]
2025-08-19 01:27:02.696 [info] > git config --get commit.template [8ms]
2025-08-19 01:27:02.698 [info] > git for-each-ref --format=%(refname)%00%(upstream:short)%00%(objectname)%00%(upstream:track)%00%(upstream:remotename)%00%(upstream:remoteref) refs/heads/main refs/remotes/main [3ms]
2025-08-19 01:27:02.723 [info] > git status -z -uall [15ms]
2025-08-19 01:27:02.726 [info] > git for-each-ref --sort -committerdate --format %(refname)%00%(objectname)%00%(*objectname) [4ms]
2025-08-19 01:27:07.754 [info] > git config --get commit.template [11ms]
2025-08-19 01:27:07.755 [info] > git for-each-ref --format=%(refname)%00%(upstream:short)%00%(objectname)%00%(upstream:track)%00%(upstream:remotename)%00%(upstream:remoteref) refs/heads/main refs/remotes/main [2ms]
2025-08-19 01:27:07.774 [info] > git status -z -uall [9ms]
2025-08-19 01:27:07.776 [info] > git for-each-ref --sort -committerdate --format %(refname)%00%(objectname)%00%(*objectname) [2ms]
2025-08-19 01:27:15.402 [info] > git config --get commit.template [12ms]
2025-08-19 01:27:15.405 [info] > git for-each-ref --format=%(refname)%00%(upstream:short)%00%(objectname)%00%(upstream:track)%00%(upstream:remotename)%00%(upstream:remoteref) refs/heads/main refs/remotes/main [4ms]
2025-08-19 01:27:15.425 [info] > git status -z -uall [9ms]
2025-08-19 01:27:15.427 [info] > git for-each-ref --sort -committerdate --format %(refname)%00%(objectname)%00%(*objectname) [3ms]
2025-08-19 01:27:57.517 [info] > git config --get commit.template [5ms]
2025-08-19 01:27:57.519 [info] > git for-each-ref --format=%(refname)%00%(upstream:short)%00%(objectname)%00%(upstream:track)%00%(upstream:remotename)%00%(upstream:remoteref) refs/heads/main refs/remotes/main [3ms]
2025-08-19 01:27:57.527 [info] > git status -z -uall [4ms]
2025-08-19 01:27:57.528 [info] > git for-each-ref --sort -committerdate --format %(refname)%00%(objectname)%00%(*objectname) [1ms]
2025-08-19 01:28:04.761 [info] > git config --get commit.template [12ms]
2025-08-19 01:28:04.764 [info] > git for-each-ref --format=%(refname)%00%(upstream:short)%00%(objectname)%00%(upstream:track)%00%(upstream:remotename)%00%(upstream:remoteref) refs/heads/main refs/remotes/main [4ms]
2025-08-19 01:28:04.781 [info] > git status -z -uall [7ms]
2025-08-19 01:28:04.784 [info] > git for-each-ref --sort -committerdate --format %(refname)%00%(objectname)%00%(*objectname) [4ms]
2025-08-19 01:28:09.814 [info] > git config --get commit.template [13ms]
2025-08-19 01:28:09.817 [info] > git for-each-ref --format=%(refname)%00%(upstream:short)%00%(objectname)%00%(upstream:track)%00%(upstream:remotename)%00%(upstream:remoteref) refs/heads/main refs/remotes/main [4ms]
2025-08-19 01:28:09.840 [info] > git status -z -uall [12ms]
2025-08-19 01:28:09.840 [info] > git for-each-ref --sort -committerdate --format %(refname)%00%(objectname)%00%(*objectname) [2ms]
2025-08-19 01:28:15.163 [info] > git config --get commit.template [4ms]
2025-08-19 01:28:15.166 [info] > git for-each-ref --format=%(refname)%00%(upstream:short)%00%(objectname)%00%(upstream:track)%00%(upstream:remotename)%00%(upstream:remoteref) refs/heads/main refs/remotes/main [3ms]
2025-08-19 01:28:15.184 [info] > git status -z -uall [9ms]
2025-08-19 01:28:15.185 [info] > git for-each-ref --sort -committerdate --format %(refname)%00%(objectname)%00%(*objectname) [3ms]
2025-08-19 01:28:28.575 [info] > git show --textconv :modules/nix-settings.nix [12ms]
2025-08-19 01:28:28.578 [info] > git ls-files --stage -- modules/nix-settings.nix [4ms]
2025-08-19 01:28:28.589 [info] > git cat-file -s ed9ffd5829cb1269f34869a37b303bbe4ddaed9e [3ms]
2025-08-19 01:28:35.062 [info] > git config --get commit.template [9ms]
2025-08-19 01:28:35.064 [info] > git for-each-ref --format=%(refname)%00%(upstream:short)%00%(objectname)%00%(upstream:track)%00%(upstream:remotename)%00%(upstream:remoteref) refs/heads/main refs/remotes/main [3ms]
2025-08-19 01:28:35.082 [info] > git status -z -uall [9ms]
2025-08-19 01:28:35.084 [info] > git for-each-ref --sort -committerdate --format %(refname)%00%(objectname)%00%(*objectname) [3ms]
2025-08-19 01:28:42.365 [info] > git blame --root --incremental ce3e1506b0b41bc2ce49c1fab9cb42987c336a96 -- modules/nix-settings.nix [2ms]
2025-08-19 01:28:45.384 [info] > git config --get commit.template [9ms]
2025-08-19 01:28:45.386 [info] > git for-each-ref --format=%(refname)%00%(upstream:short)%00%(objectname)%00%(upstream:track)%00%(upstream:remotename)%00%(upstream:remoteref) refs/heads/main refs/remotes/main [3ms]
2025-08-19 01:28:45.406 [info] > git status -z -uall [10ms]
2025-08-19 01:28:45.409 [info] > git for-each-ref --sort -committerdate --format %(refname)%00%(objectname)%00%(*objectname) [4ms]
2025-08-19 01:28:52.490 [info] > git config --get commit.template [12ms]
2025-08-19 01:28:52.493 [info] > git for-each-ref --format=%(refname)%00%(upstream:short)%00%(objectname)%00%(upstream:track)%00%(upstream:remotename)%00%(upstream:remoteref) refs/heads/main refs/remotes/main [4ms]
2025-08-19 01:28:52.515 [info] > git status -z -uall [12ms]
2025-08-19 01:28:52.517 [info] > git for-each-ref --sort -committerdate --format %(refname)%00%(objectname)%00%(*objectname) [4ms]
2025-08-19 01:28:57.542 [info] > git config --get commit.template [12ms]
2025-08-19 01:28:57.543 [info] > git for-each-ref --format=%(refname)%00%(upstream:short)%00%(objectname)%00%(upstream:track)%00%(upstream:remotename)%00%(upstream:remoteref) refs/heads/main refs/remotes/main [2ms]
2025-08-19 01:28:57.554 [info] > git status -z -uall [5ms]
2025-08-19 01:28:57.554 [info] > git for-each-ref --sort -committerdate --format %(refname)%00%(objectname)%00%(*objectname) [1ms]
2025-08-19 01:29:02.580 [info] > git config --get commit.template [12ms]
2025-08-19 01:29:02.582 [info] > git for-each-ref --format=%(refname)%00%(upstream:short)%00%(objectname)%00%(upstream:track)%00%(upstream:remotename)%00%(upstream:remoteref) refs/heads/main refs/remotes/main [3ms]
2025-08-19 01:29:02.604 [info] > git status -z -uall [12ms]
2025-08-19 01:29:02.605 [info] > git for-each-ref --sort -committerdate --format %(refname)%00%(objectname)%00%(*objectname) [2ms]
2025-08-19 01:29:07.629 [info] > git config --get commit.template [12ms]
2025-08-19 01:29:07.632 [info] > git for-each-ref --format=%(refname)%00%(upstream:short)%00%(objectname)%00%(upstream:track)%00%(upstream:remotename)%00%(upstream:remoteref) refs/heads/main refs/remotes/main [4ms]
2025-08-19 01:29:07.653 [info] > git status -z -uall [10ms]
2025-08-19 01:29:07.655 [info] > git for-each-ref --sort -committerdate --format %(refname)%00%(objectname)%00%(*objectname) [3ms]
2025-08-19 01:29:12.682 [info] > git config --get commit.template [12ms]
2025-08-19 01:29:12.684 [info] > git for-each-ref --format=%(refname)%00%(upstream:short)%00%(objectname)%00%(upstream:track)%00%(upstream:remotename)%00%(upstream:remoteref) refs/heads/main refs/remotes/main [3ms]
2025-08-19 01:29:12.705 [info] > git status -z -uall [10ms]
2025-08-19 01:29:12.707 [info] > git for-each-ref --sort -committerdate --format %(refname)%00%(objectname)%00%(*objectname) [3ms]
2025-08-19 01:29:22.672 [info] > git config --get commit.template [4ms]
2025-08-19 01:29:22.674 [info] > git for-each-ref --format=%(refname)%00%(upstream:short)%00%(objectname)%00%(upstream:track)%00%(upstream:remotename)%00%(upstream:remoteref) refs/heads/main refs/remotes/main [3ms]
2025-08-19 01:29:22.697 [info] > git status -z -uall [12ms]
2025-08-19 01:29:22.700 [info] > git for-each-ref --sort -committerdate --format %(refname)%00%(objectname)%00%(*objectname) [4ms]
2025-08-19 01:29:27.721 [info] > git config --get commit.template [4ms]
2025-08-19 01:29:27.723 [info] > git for-each-ref --format=%(refname)%00%(upstream:short)%00%(objectname)%00%(upstream:track)%00%(upstream:remotename)%00%(upstream:remoteref) refs/heads/main refs/remotes/main [2ms]
2025-08-19 01:29:27.744 [info] > git status -z -uall [11ms]
2025-08-19 01:29:27.745 [info] > git for-each-ref --sort -committerdate --format %(refname)%00%(objectname)%00%(*objectname) [2ms]
2025-08-19 01:29:29.139 [info] > git show --textconv :modules/nix-settings.nix [7ms]
2025-08-19 01:29:29.141 [info] > git ls-files --stage -- modules/nix-settings.nix [2ms]
2025-08-19 01:29:29.153 [info] > git cat-file -s ed9ffd5829cb1269f34869a37b303bbe4ddaed9e [2ms]
2025-08-19 01:29:33.854 [info] > git config --get commit.template [12ms]
2025-08-19 01:29:33.854 [info] > git for-each-ref --format=%(refname)%00%(upstream:short)%00%(objectname)%00%(upstream:track)%00%(upstream:remotename)%00%(upstream:remoteref) refs/heads/main refs/remotes/main [1ms]
2025-08-19 01:29:33.871 [info] > git status -z -uall [12ms]
2025-08-19 01:29:33.872 [info] > git for-each-ref --sort -committerdate --format %(refname)%00%(objectname)%00%(*objectname) [3ms]
2025-08-19 01:29:38.898 [info] > git config --get commit.template [8ms]
2025-08-19 01:29:38.901 [info] > git for-each-ref --format=%(refname)%00%(upstream:short)%00%(objectname)%00%(upstream:track)%00%(upstream:remotename)%00%(upstream:remoteref) refs/heads/main refs/remotes/main [3ms]
2025-08-19 01:29:38.915 [info] > git status -z -uall [6ms]
2025-08-19 01:29:38.916 [info] > git for-each-ref --sort -committerdate --format %(refname)%00%(objectname)%00%(*objectname) [2ms]
2025-08-19 01:29:43.943 [info] > git config --get commit.template [12ms]
2025-08-19 01:29:43.944 [info] > git for-each-ref --format=%(refname)%00%(upstream:short)%00%(objectname)%00%(upstream:track)%00%(upstream:remotename)%00%(upstream:remoteref) refs/heads/main refs/remotes/main [2ms]
2025-08-19 01:29:43.960 [info] > git status -z -uall [7ms]
2025-08-19 01:29:43.961 [info] > git for-each-ref --sort -committerdate --format %(refname)%00%(objectname)%00%(*objectname) [2ms]
2025-08-19 01:29:50.584 [info] > git config --get commit.template [13ms]
2025-08-19 01:29:50.585 [info] > git for-each-ref --format=%(refname)%00%(upstream:short)%00%(objectname)%00%(upstream:track)%00%(upstream:remotename)%00%(upstream:remoteref) refs/heads/main refs/remotes/main [2ms]
2025-08-19 01:29:50.598 [info] > git status -z -uall [10ms]
2025-08-19 01:29:50.600 [info] > git for-each-ref --sort -committerdate --format %(refname)%00%(objectname)%00%(*objectname) [3ms]
2025-08-19 01:29:55.624 [info] > git config --get commit.template [12ms]
2025-08-19 01:29:55.626 [info] > git for-each-ref --format=%(refname)%00%(upstream:short)%00%(objectname)%00%(upstream:track)%00%(upstream:remotename)%00%(upstream:remoteref) refs/heads/main refs/remotes/main [3ms]
2025-08-19 01:29:55.649 [info] > git status -z -uall [12ms]
2025-08-19 01:29:55.651 [info] > git for-each-ref --sort -committerdate --format %(refname)%00%(objectname)%00%(*objectname) [4ms]
2025-08-19 01:30:00.679 [info] > git config --get commit.template [12ms]
2025-08-19 01:30:00.681 [info] > git for-each-ref --format=%(refname)%00%(upstream:short)%00%(objectname)%00%(upstream:track)%00%(upstream:remotename)%00%(upstream:remoteref) refs/heads/main refs/remotes/main [3ms]
2025-08-19 01:30:00.702 [info] > git status -z -uall [10ms]
2025-08-19 01:30:00.704 [info] > git for-each-ref --sort -committerdate --format %(refname)%00%(objectname)%00%(*objectname) [3ms]
2025-08-19 01:30:07.881 [info] > git config --get commit.template [9ms]
2025-08-19 01:30:07.884 [info] > git for-each-ref --format=%(refname)%00%(upstream:short)%00%(objectname)%00%(upstream:track)%00%(upstream:remotename)%00%(upstream:remoteref) refs/heads/main refs/remotes/main [4ms]
2025-08-19 01:30:07.906 [info] > git status -z -uall [12ms]
2025-08-19 01:30:07.907 [info] > git for-each-ref --sort -committerdate --format %(refname)%00%(objectname)%00%(*objectname) [3ms]
2025-08-19 01:30:13.155 [info] > git config --get commit.template [8ms]
2025-08-19 01:30:13.158 [info] > git for-each-ref --format=%(refname)%00%(upstream:short)%00%(objectname)%00%(upstream:track)%00%(upstream:remotename)%00%(upstream:remoteref) refs/heads/main refs/remotes/main [4ms]
2025-08-19 01:30:13.179 [info] > git status -z -uall [10ms]
2025-08-19 01:30:13.181 [info] > git for-each-ref --sort -committerdate --format %(refname)%00%(objectname)%00%(*objectname) [3ms]
2025-08-19 01:30:23.242 [info] > git config --get commit.template [0ms]
2025-08-19 01:30:23.247 [info] > git for-each-ref --format=%(refname)%00%(upstream:short)%00%(objectname)%00%(upstream:track)%00%(upstream:remotename)%00%(upstream:remoteref) refs/heads/main refs/remotes/main [2ms]
2025-08-19 01:30:23.263 [info] > git status -z -uall [8ms]
2025-08-19 01:30:23.265 [info] > git for-each-ref --sort -committerdate --format %(refname)%00%(objectname)%00%(*objectname) [3ms]
2025-08-19 01:30:28.294 [info] > git config --get commit.template [12ms]
2025-08-19 01:30:28.296 [info] > git for-each-ref --format=%(refname)%00%(upstream:short)%00%(objectname)%00%(upstream:track)%00%(upstream:remotename)%00%(upstream:remoteref) refs/heads/main refs/remotes/main [3ms]
2025-08-19 01:30:28.314 [info] > git status -z -uall [8ms]
2025-08-19 01:30:28.315 [info] > git for-each-ref --sort -committerdate --format %(refname)%00%(objectname)%00%(*objectname) [3ms]
2025-08-19 01:30:31.769 [info] > git show --textconv :configuration.nix [12ms]
2025-08-19 01:30:31.770 [info] > git ls-files --stage -- configuration.nix [2ms]
2025-08-19 01:30:31.783 [info] > git cat-file -s 014034314ca64d99d61669e7bf450760e8b79e52 [3ms]
2025-08-19 01:30:34.729 [info] > git check-ignore -v -z --stdin [2ms]
2025-08-19 01:30:35.411 [info] > git blame --root --incremental ce3e1506b0b41bc2ce49c1fab9cb42987c336a96 -- configuration.nix [3ms]
2025-08-19 01:30:35.559 [info] > git config --get commit.template [10ms]
2025-08-19 01:30:35.560 [info] > git for-each-ref --format=%(refname)%00%(upstream:short)%00%(objectname)%00%(upstream:track)%00%(upstream:remotename)%00%(upstream:remoteref) refs/heads/main refs/remotes/main [2ms]
2025-08-19 01:30:35.582 [info] > git status -z -uall [11ms]
2025-08-19 01:30:35.585 [info] > git for-each-ref --sort -committerdate --format %(refname)%00%(objectname)%00%(*objectname) [4ms]
2025-08-19 01:30:43.041 [info] > git config --get commit.template [4ms]
2025-08-19 01:30:43.042 [info] > git for-each-ref --format=%(refname)%00%(upstream:short)%00%(objectname)%00%(upstream:track)%00%(upstream:remotename)%00%(upstream:remoteref) refs/heads/main refs/remotes/main [1ms]
2025-08-19 01:30:43.048 [info] > git status -z -uall [2ms]
2025-08-19 01:30:43.049 [info] > git for-each-ref --sort -committerdate --format %(refname)%00%(objectname)%00%(*objectname) [1ms]
2025-08-19 01:30:48.066 [info] > git config --get commit.template [4ms]
2025-08-19 01:30:48.067 [info] > git for-each-ref --format=%(refname)%00%(upstream:short)%00%(objectname)%00%(upstream:track)%00%(upstream:remotename)%00%(upstream:remoteref) refs/heads/main refs/remotes/main [1ms]
2025-08-19 01:30:48.083 [info] > git status -z -uall [9ms]
2025-08-19 01:30:48.083 [info] > git for-each-ref --sort -committerdate --format %(refname)%00%(objectname)%00%(*objectname) [2ms]
2025-08-19 01:31:00.425 [info] > git check-ignore -v -z --stdin [3ms]
2025-08-19 01:31:01.202 [info] > git config --get commit.template [12ms]
2025-08-19 01:31:01.205 [info] > git for-each-ref --format=%(refname)%00%(upstream:short)%00%(objectname)%00%(upstream:track)%00%(upstream:remotename)%00%(upstream:remoteref) refs/heads/main refs/remotes/main [4ms]
2025-08-19 01:31:01.228 [info] > git status -z -uall [12ms]
2025-08-19 01:31:01.230 [info] > git for-each-ref --sort -committerdate --format %(refname)%00%(objectname)%00%(*objectname) [4ms]
2025-08-19 01:31:06.027 [info] > git show --textconv :scripts/update.sh [10ms]
2025-08-19 01:31:06.028 [warning] [GitFileSystemProvider][readFile] File not found - git:/etc/nixos/scripts/update.sh.git?%7B%22path%22%3A%22%2Fetc%2Fnixos%2Fscripts%2Fupdate.sh%22%2C%22ref%22%3A%22%22%7D
2025-08-19 01:31:06.029 [info] > git ls-files --stage -- scripts/update.sh [3ms]
2025-08-19 01:31:06.029 [warning] [GitFileSystemProvider][stat] File not found - git:/etc/nixos/scripts/update.sh.git?%7B%22path%22%3A%22%2Fetc%2Fnixos%2Fscripts%2Fupdate.sh%22%2C%22ref%22%3A%22%22%7D
2025-08-19 01:31:06.258 [info] > git config --get commit.template [12ms]
2025-08-19 01:31:06.260 [info] > git for-each-ref --format=%(refname)%00%(upstream:short)%00%(objectname)%00%(upstream:track)%00%(upstream:remotename)%00%(upstream:remoteref) refs/heads/main refs/remotes/main [3ms]
2025-08-19 01:31:06.281 [info] > git status -z -uall [11ms]
2025-08-19 01:31:06.284 [info] > git for-each-ref --sort -committerdate --format %(refname)%00%(objectname)%00%(*objectname) [3ms]
2025-08-19 01:31:06.300 [info] > git check-ignore -v -z --stdin [1ms]
2025-08-19 01:31:11.309 [info] > git config --get commit.template [12ms]
2025-08-19 01:31:11.310 [info] > git for-each-ref --format=%(refname)%00%(upstream:short)%00%(objectname)%00%(upstream:track)%00%(upstream:remotename)%00%(upstream:remoteref) refs/heads/main refs/remotes/main [2ms]
2025-08-19 01:31:11.325 [info] > git status -z -uall [4ms]
2025-08-19 01:31:11.326 [info] > git for-each-ref --sort -committerdate --format %(refname)%00%(objectname)%00%(*objectname) [1ms]
2025-08-19 01:31:16.233 [info] > git show --textconv :scripts/rebuild.sh [11ms]
2025-08-19 01:31:16.234 [info] > git ls-files --stage -- scripts/rebuild.sh [2ms]
2025-08-19 01:31:16.248 [info] > git cat-file -s a8ed82a63565db117a389ed1da682e39cb22ffbf [4ms]
2025-08-19 01:31:16.344 [info] > git config --get commit.template [6ms]
2025-08-19 01:31:16.346 [info] > git for-each-ref --format=%(refname)%00%(upstream:short)%00%(objectname)%00%(upstream:track)%00%(upstream:remotename)%00%(upstream:remoteref) refs/heads/main refs/remotes/main [2ms]
2025-08-19 01:31:16.359 [info] > git status -z -uall [6ms]
2025-08-19 01:31:16.361 [info] > git for-each-ref --sort -committerdate --format %(refname)%00%(objectname)%00%(*objectname) [3ms]
2025-08-19 01:31:27.424 [info] > git config --get commit.template [12ms]
2025-08-19 01:31:27.425 [info] > git for-each-ref --format=%(refname)%00%(upstream:short)%00%(objectname)%00%(upstream:track)%00%(upstream:remotename)%00%(upstream:remoteref) refs/heads/main refs/remotes/main [2ms]
2025-08-19 01:31:27.437 [info] > git status -z -uall [6ms]
2025-08-19 01:31:27.439 [info] > git for-each-ref --sort -committerdate --format %(refname)%00%(objectname)%00%(*objectname) [2ms]
2025-08-19 01:31:35.083 [info] > git config --get commit.template [8ms]
2025-08-19 01:31:35.086 [info] > git for-each-ref --format=%(refname)%00%(upstream:short)%00%(objectname)%00%(upstream:track)%00%(upstream:remotename)%00%(upstream:remoteref) refs/heads/main refs/remotes/main [3ms]
2025-08-19 01:31:35.105 [info] > git status -z -uall [11ms]
2025-08-19 01:31:35.107 [info] > git for-each-ref --sort -committerdate --format %(refname)%00%(objectname)%00%(*objectname) [3ms]
2025-08-19 01:33:30.161 [info] > git show --textconv :scripts/rebuild.sh [3ms]
2025-08-19 01:33:30.162 [info] > git ls-files --stage -- scripts/rebuild.sh [1ms]
2025-08-19 01:33:30.165 [info] > git cat-file -s a8ed82a63565db117a389ed1da682e39cb22ffbf [1ms]
2025-08-19 01:33:36.586 [info] > git config --get commit.template [3ms]
2025-08-19 01:33:36.586 [info] > git for-each-ref --format=%(refname)%00%(upstream:short)%00%(objectname)%00%(upstream:track)%00%(upstream:remotename)%00%(upstream:remoteref) refs/heads/main refs/remotes/main [1ms]
2025-08-19 01:33:36.591 [info] > git status -z -uall [2ms]
2025-08-19 01:33:36.592 [info] > git for-each-ref --sort -committerdate --format %(refname)%00%(objectname)%00%(*objectname) [1ms]
2025-08-19 01:33:46.523 [info] > git config --get commit.template [14ms]
2025-08-19 01:33:46.525 [info] > git for-each-ref --format=%(refname)%00%(upstream:short)%00%(objectname)%00%(upstream:track)%00%(upstream:remotename)%00%(upstream:remoteref) refs/heads/main refs/remotes/main [3ms]
2025-08-19 01:33:46.546 [info] > git status -z -uall [11ms]
2025-08-19 01:33:46.550 [info] > git for-each-ref --sort -committerdate --format %(refname)%00%(objectname)%00%(*objectname) [4ms]
2025-08-19 01:35:32.176 [info] > git config --get commit.template [4ms]
2025-08-19 01:35:32.178 [info] > git for-each-ref --format=%(refname)%00%(upstream:short)%00%(objectname)%00%(upstream:track)%00%(upstream:remotename)%00%(upstream:remoteref) refs/heads/main refs/remotes/main [2ms]
2025-08-19 01:35:32.184 [info] > git status -z -uall [3ms]
2025-08-19 01:35:32.184 [info] > git for-each-ref --sort -committerdate --format %(refname)%00%(objectname)%00%(*objectname) [1ms]
2025-08-19 01:35:37.206 [info] > git config --get commit.template [6ms]
2025-08-19 01:35:37.207 [info] > git for-each-ref --format=%(refname)%00%(upstream:short)%00%(objectname)%00%(upstream:track)%00%(upstream:remotename)%00%(upstream:remoteref) refs/heads/main refs/remotes/main [2ms]
2025-08-19 01:35:37.229 [info] > git status -z -uall [11ms]
2025-08-19 01:35:37.232 [info] > git for-each-ref --sort -committerdate --format %(refname)%00%(objectname)%00%(*objectname) [4ms]
2025-08-19 01:36:17.707 [info] > git config --get commit.template [4ms]
2025-08-19 01:36:17.708 [info] > git for-each-ref --format=%(refname)%00%(upstream:short)%00%(objectname)%00%(upstream:track)%00%(upstream:remotename)%00%(upstream:remoteref) refs/heads/main refs/remotes/main [1ms]
2025-08-19 01:36:17.714 [info] > git status -z -uall [3ms]
2025-08-19 01:36:17.714 [info] > git for-each-ref --sort -committerdate --format %(refname)%00%(objectname)%00%(*objectname) [1ms]
2025-08-19 01:36:20.253 [info] > git show --textconv :flake.nix [10ms]
2025-08-19 01:36:20.255 [info] > git ls-files --stage -- flake.nix [3ms]
2025-08-19 01:36:20.267 [info] > git cat-file -s 9db97a4f1ed5e33e1c7d846b08e27637f20ec7b3 [3ms]
2025-08-19 01:36:21.697 [info] > git show --textconv :configuration.nix [6ms]
2025-08-19 01:36:21.699 [info] > git ls-files --stage -- configuration.nix [2ms]
2025-08-19 01:36:21.711 [info] > git cat-file -s 014034314ca64d99d61669e7bf450760e8b79e52 [3ms]
2025-08-19 01:36:22.734 [info] > git config --get commit.template [7ms]
2025-08-19 01:36:22.736 [info] > git for-each-ref --format=%(refname)%00%(upstream:short)%00%(objectname)%00%(upstream:track)%00%(upstream:remotename)%00%(upstream:remoteref) refs/heads/main refs/remotes/main [3ms]
2025-08-19 01:36:22.754 [info] > git status -z -uall [8ms]
2025-08-19 01:36:22.755 [info] > git for-each-ref --sort -committerdate --format %(refname)%00%(objectname)%00%(*objectname) [2ms]
2025-08-19 01:36:28.605 [info] > git config --get commit.template [11ms]
2025-08-19 01:36:28.607 [info] > git for-each-ref --format=%(refname)%00%(upstream:short)%00%(objectname)%00%(upstream:track)%00%(upstream:remotename)%00%(upstream:remoteref) refs/heads/main refs/remotes/main [3ms]
2025-08-19 01:36:28.629 [info] > git status -z -uall [11ms]
2025-08-19 01:36:28.631 [info] > git for-each-ref --sort -committerdate --format %(refname)%00%(objectname)%00%(*objectname) [2ms]
2025-08-19 01:37:31.624 [info] > git config --get commit.template [9ms]
2025-08-19 01:37:31.625 [info] > git for-each-ref --format=%(refname)%00%(upstream:short)%00%(objectname)%00%(upstream:track)%00%(upstream:remotename)%00%(upstream:remoteref) refs/heads/main refs/remotes/main [2ms]
2025-08-19 01:37:31.639 [info] > git status -z -uall [8ms]
2025-08-19 01:37:31.640 [info] > git for-each-ref --sort -committerdate --format %(refname)%00%(objectname)%00%(*objectname) [1ms]
